#
# There is insufficient memory for the Java Runtime Environment to continue.
# Native memory allocation (mmap) failed to map 87031808 bytes for Failed to commit area from 0x00000000ca600000 to 0x00000000cf900000 of length 87031808.
# Possible reasons:
#   The system is out of physical RAM or swap space
#   The process is running with CompressedOops enabled, and the Java Heap may be blocking the growth of the native heap
# Possible solutions:
#   Reduce memory load on the system
#   Increase physical memory or swap space
#   Check if swap backing store is full
#   Decrease Java heap size (-Xmx/-Xms)
#   Decrease number of Java threads
#   Decrease Java thread stack sizes (-Xss)
#   Set larger code cache with -XX:ReservedCodeCacheSize=
#   JVM is running with Unscaled Compressed Oops mode in which the Java heap is
#     placed in the first 4GB address space. The Java Heap base address is the
#     maximum limit for the native heap growth. Please use -XX:HeapBaseMinAddress
#     to set the Java Heap base and to place the Java Heap above 4GB virtual address.
# This output file may be truncated or incomplete.
#
#  Out of Memory Error (./src/hotspot/os/windows/os_windows.cpp:3390), pid=17296, tid=18808
#
# JRE version: OpenJDK Runtime Environment Temurin-11.0.15+10 (11.0.15+10) (build 11.0.15+10)
# Java VM: OpenJDK 64-Bit Server VM Temurin-11.0.15+10 (11.0.15+10, mixed mode, tiered, compressed oops, g1 gc, windows-amd64)
# No core dump will be written. Minidumps are not enabled by default on client versions of Windows
#

---------------  S U M M A R Y ------------

Command Line: org.jetbrains.kotlin.cli.jvm.K2JVMCompiler @E:\uti\Kelompok1PPB\node_modules\react-native-gesture-handler\android\build\20220610_5989166559321758052.compiler.options

Host: Intel(R) Core(TM) i5-8265U CPU @ 1.60GHz, 8 cores, 3G,  Windows 11 , 64 bit Build 22000 (10.0.22000.675)
Time: Fri Jun 10 21:02:12 2022 SE Asia Standard Time elapsed time: 37.586428 seconds (0d 0h 0m 37s)

---------------  T H R E A D  ---------------

Current thread (0x00000214a71fd000):  VMThread "VM Thread" [stack: 0x000000630f000000,0x000000630f100000] [id=18808]

Stack: [0x000000630f000000,0x000000630f100000]
[error occurred during error reporting (printing stack bounds), id 0xc0000005, EXCEPTION_ACCESS_VIOLATION (0xc0000005) at pc=0x000002149304112d]

Native frames: (J=compiled Java code, j=interpreted, Vv=VM code, C=native code)
V  [jvm.dll+0x61e72a]
V  [jvm.dll+0x7aae49]
V  [jvm.dll+0x7ac538]
V  [jvm.dll+0x7acb75]
V  [jvm.dll+0x7acb2b]
V  [jvm.dll+0x61dab7]
V  [jvm.dll+0x61e1c8]
C  [ntdll.dll+0xa8e4f]
C  [ntdll.dll+0x35e9a]
C  [ntdll.dll+0xa7e5e]
C  0x000002149304112d

VM_Operation (0x000000630eafb8b0): G1CollectForAllocation, mode: safepoint, requested by thread 0x000002148a8e2000


---------------  P R O C E S S  ---------------

Threads class SMR info:
_java_thread_list=0x00000214ab0494b0, length=10, elements={
0x000002148a8e2000, 0x00000214a7220800, 0x00000214a7229800, 0x00000214a7291000,
0x00000214a7295000, 0x00000214a7296000, 0x00000214a723c800, 0x00000214a723f000,
0x00000214a7248000, 0x00000214a7d13000
}

Java Threads: ( => current thread )
  0x000002148a8e2000 JavaThread "main" [_thread_blocked, id=18964, stack(0x000000630ea00000,0x000000630eb00000)]
  0x00000214a7220800 JavaThread "Reference Handler" daemon [_thread_blocked, id=2768, stack(0x000000630f100000,0x000000630f200000)]
  0x00000214a7229800 JavaThread "Finalizer" daemon [_thread_blocked, id=12352, stack(0x000000630f200000,0x000000630f300000)]
  0x00000214a7291000 JavaThread "Signal Dispatcher" daemon [_thread_blocked, id=15764, stack(0x000000630f300000,0x000000630f400000)]
  0x00000214a7295000 JavaThread "Attach Listener" daemon [_thread_blocked, id=12092, stack(0x000000630f400000,0x000000630f500000)]
  0x00000214a7296000 JavaThread "Service Thread" daemon [_thread_blocked, id=3988, stack(0x000000630f500000,0x000000630f600000)]
  0x00000214a723c800 JavaThread "C2 CompilerThread0" daemon [_thread_blocked, id=18288, stack(0x000000630f600000,0x000000630f700000)]
  0x00000214a723f000 JavaThread "C1 CompilerThread0" daemon [_thread_blocked, id=18444, stack(0x000000630f700000,0x000000630f800000)]
  0x00000214a7248000 JavaThread "Sweeper thread" daemon [_thread_blocked, id=8888, stack(0x000000630f800000,0x000000630f900000)]
  0x00000214a7d13000 JavaThread "Common-Cleaner" daemon [_thread_blocked, id=11004, stack(0x000000630fa00000,0x000000630fb00000)]

Other Threads:
=>0x00000214a71fd000 VMThread "VM Thread" [stack: 0x000000630f000000,0x000000630f100000] [id=18808]
  0x00000214a7d0a000 WatcherThread [stack: 0x000000630f900000,0x000000630fa00000] [id=15772]
  0x000002148a8fa000 GCTaskThread "GC Thread#0" [stack: 0x000000630eb00000,0x000000630ec00000] [id=17340]
  0x00000214a8313800 GCTaskThread "GC Thread#1" [stack: 0x000000630fb00000,0x000000630fc00000] [id=12052]
  0x00000214abbe0000 GCTaskThread "GC Thread#2" [stack: 0x000000630fc00000,0x000000630fd00000] [id=4448]
  0x000002148a918800 ConcurrentGCThread "G1 Main Marker" [stack: 0x000000630ec00000,0x000000630ed00000] [id=6720]
  0x000002148a91b000 ConcurrentGCThread "G1 Conc#0" [stack: 0x000000630ed00000,0x000000630ee00000] [id=19188]
  0x00000214a865d000 ConcurrentGCThread "G1 Conc#1" [stack: 0x000000630fd00000,0x000000630fe00000] [id=7656]
  0x000002148a977000 ConcurrentGCThread "G1 Refine#0" [stack: 0x000000630ee00000,0x000000630ef00000] [id=13600]
  0x00000214a9a1f800 ConcurrentGCThread "G1 Refine#1" [stack: 0x000000630fe00000,0x000000630ff00000] [id=6332]
  0x000002148a978000 ConcurrentGCThread "G1 Young RemSet Sampling" [stack: 0x000000630ef00000,0x000000630f000000] [id=15912]

Threads with active compile tasks:
C2 CompilerThread0    37638 16038       4       org.jetbrains.kotlin.ir.declarations.IrFunction::transformChildren (102 bytes)

VM state:at safepoint (normal execution)

VM Mutex/Monitor currently owned by a thread:  ([mutex/lock_event])
[0x000002148a8df460] Threads_lock - owner thread: 0x00000214a71fd000
[0x000002148a8df610] Heap_lock - owner thread: 0x000002148a8e2000

Heap address: 0x00000000c2400000, size: 988 MB, Compressed Oops mode: 32-bit
Narrow klass base: 0x0000000000000000, Narrow klass shift: 3
Compressed class space size: 1073741824 Address: 0x0000000100000000

Heap:
 garbage-first heap   total 218112K, used 98300K [0x00000000c2400000, 0x0000000100000000)
  region size 1024K, 1 young (1024K), 1 survivors (1024K)
 Metaspace       used 81593K, capacity 82448K, committed 82560K, reserved 1122304K
  class space    used 8709K, capacity 9041K, committed 9088K, reserved 1048576K
Heap Regions: E=young(eden), S=young(survivor), O=old, HS=humongous(starts), HC=humongous(continues), CS=collection set, F=free, A=archive, TAMS=top-at-mark-start (previous, next)
|   0|0x00000000c2400000, 0x00000000c2500000, 0x00000000c2500000|100%|HS|  |TAMS 0x00000000c2500000, 0x00000000c2500000| Complete 
|   1|0x00000000c2500000, 0x00000000c2600000, 0x00000000c2600000|100%|HC|  |TAMS 0x00000000c2600000, 0x00000000c2600000| Complete 
|   2|0x00000000c2600000, 0x00000000c2700000, 0x00000000c2700000|100%|HC|  |TAMS 0x00000000c2700000, 0x00000000c2700000| Complete 
|   3|0x00000000c2700000, 0x00000000c2800000, 0x00000000c2800000|100%| O|  |TAMS 0x00000000c2800000, 0x00000000c2800000| Untracked 
|   4|0x00000000c2800000, 0x00000000c2900000, 0x00000000c2900000|100%| O|  |TAMS 0x00000000c2900000, 0x00000000c2900000| Untracked 
|   5|0x00000000c2900000, 0x00000000c2a00000, 0x00000000c2a00000|100%| O|  |TAMS 0x00000000c2a00000, 0x00000000c2a00000| Untracked 
|   6|0x00000000c2a00000, 0x00000000c2b00000, 0x00000000c2b00000|100%| O|  |TAMS 0x00000000c2b00000, 0x00000000c2b00000| Untracked 
|   7|0x00000000c2b00000, 0x00000000c2c00000, 0x00000000c2c00000|100%| O|  |TAMS 0x00000000c2c00000, 0x00000000c2c00000| Untracked 
|   8|0x00000000c2c00000, 0x00000000c2d00000, 0x00000000c2d00000|100%| O|  |TAMS 0x00000000c2d00000, 0x00000000c2d00000| Untracked 
|   9|0x00000000c2d00000, 0x00000000c2e00000, 0x00000000c2e00000|100%| O|  |TAMS 0x00000000c2e00000, 0x00000000c2e00000| Untracked 
|  10|0x00000000c2e00000, 0x00000000c2f00000, 0x00000000c2f00000|100%|HS|  |TAMS 0x00000000c2f00000, 0x00000000c2f00000| Complete 
|  11|0x00000000c2f00000, 0x00000000c3000000, 0x00000000c3000000|100%|HC|  |TAMS 0x00000000c3000000, 0x00000000c3000000| Complete 
|  12|0x00000000c3000000, 0x00000000c3100000, 0x00000000c3100000|100%|HC|  |TAMS 0x00000000c3100000, 0x00000000c3100000| Complete 
|  13|0x00000000c3100000, 0x00000000c3200000, 0x00000000c3200000|100%|HS|  |TAMS 0x00000000c3200000, 0x00000000c3200000| Complete 
|  14|0x00000000c3200000, 0x00000000c3300000, 0x00000000c3300000|100%|HC|  |TAMS 0x00000000c3300000, 0x00000000c3300000| Complete 
|  15|0x00000000c3300000, 0x00000000c3400000, 0x00000000c3400000|100%|HC|  |TAMS 0x00000000c3400000, 0x00000000c3400000| Complete 
|  16|0x00000000c3400000, 0x00000000c3500000, 0x00000000c3500000|100%| O|  |TAMS 0x00000000c3500000, 0x00000000c3500000| Untracked 
|  17|0x00000000c3500000, 0x00000000c3600000, 0x00000000c3600000|100%| O|  |TAMS 0x00000000c3600000, 0x00000000c3600000| Untracked 
|  18|0x00000000c3600000, 0x00000000c3700000, 0x00000000c3700000|100%| O|  |TAMS 0x00000000c3700000, 0x00000000c3700000| Untracked 
|  19|0x00000000c3700000, 0x00000000c3800000, 0x00000000c3800000|100%| O|  |TAMS 0x00000000c3800000, 0x00000000c3800000| Untracked 
|  20|0x00000000c3800000, 0x00000000c3900000, 0x00000000c3900000|100%| O|  |TAMS 0x00000000c3900000, 0x00000000c3900000| Untracked 
|  21|0x00000000c3900000, 0x00000000c3a00000, 0x00000000c3a00000|100%| O|  |TAMS 0x00000000c3a00000, 0x00000000c3a00000| Untracked 
|  22|0x00000000c3a00000, 0x00000000c3b00000, 0x00000000c3b00000|100%| O|  |TAMS 0x00000000c3b00000, 0x00000000c3b00000| Untracked 
|  23|0x00000000c3b00000, 0x00000000c3c00000, 0x00000000c3c00000|100%| O|  |TAMS 0x00000000c3c00000, 0x00000000c3c00000| Untracked 
|  24|0x00000000c3c00000, 0x00000000c3d00000, 0x00000000c3d00000|100%| O|  |TAMS 0x00000000c3d00000, 0x00000000c3d00000| Untracked 
|  25|0x00000000c3d00000, 0x00000000c3e00000, 0x00000000c3e00000|100%| O|  |TAMS 0x00000000c3e00000, 0x00000000c3e00000| Untracked 
|  26|0x00000000c3e00000, 0x00000000c3f00000, 0x00000000c3f00000|100%|HS|  |TAMS 0x00000000c3f00000, 0x00000000c3f00000| Complete 
|  27|0x00000000c3f00000, 0x00000000c4000000, 0x00000000c4000000|100%|HC|  |TAMS 0x00000000c4000000, 0x00000000c4000000| Complete 
|  28|0x00000000c4000000, 0x00000000c4100000, 0x00000000c4100000|100%| O|  |TAMS 0x00000000c4100000, 0x00000000c4100000| Untracked 
|  29|0x00000000c4100000, 0x00000000c4200000, 0x00000000c4200000|100%| O|  |TAMS 0x00000000c4200000, 0x00000000c4200000| Untracked 
|  30|0x00000000c4200000, 0x00000000c4300000, 0x00000000c4300000|100%| O|  |TAMS 0x00000000c4300000, 0x00000000c4300000| Untracked 
|  31|0x00000000c4300000, 0x00000000c4400000, 0x00000000c4400000|100%| O|  |TAMS 0x00000000c4400000, 0x00000000c4400000| Untracked 
|  32|0x00000000c4400000, 0x00000000c4500000, 0x00000000c4500000|100%| O|  |TAMS 0x00000000c4500000, 0x00000000c4500000| Untracked 
|  33|0x00000000c4500000, 0x00000000c4600000, 0x00000000c4600000|100%| O|  |TAMS 0x00000000c4600000, 0x00000000c4600000| Untracked 
|  34|0x00000000c4600000, 0x00000000c4700000, 0x00000000c4700000|100%| O|  |TAMS 0x00000000c4700000, 0x00000000c4700000| Untracked 
|  35|0x00000000c4700000, 0x00000000c4800000, 0x00000000c4800000|100%| O|  |TAMS 0x00000000c4800000, 0x00000000c4800000| Untracked 
|  36|0x00000000c4800000, 0x00000000c4900000, 0x00000000c4900000|100%| O|  |TAMS 0x00000000c4900000, 0x00000000c4900000| Untracked 
|  37|0x00000000c4900000, 0x00000000c4a00000, 0x00000000c4a00000|100%| O|  |TAMS 0x00000000c4a00000, 0x00000000c4a00000| Untracked 
|  38|0x00000000c4a00000, 0x00000000c4b00000, 0x00000000c4b00000|100%| O|  |TAMS 0x00000000c4b00000, 0x00000000c4b00000| Untracked 
|  39|0x00000000c4b00000, 0x00000000c4c00000, 0x00000000c4c00000|100%| O|  |TAMS 0x00000000c4c00000, 0x00000000c4c00000| Untracked 
|  40|0x00000000c4c00000, 0x00000000c4d00000, 0x00000000c4d00000|100%| O|  |TAMS 0x00000000c4d00000, 0x00000000c4d00000| Untracked 
|  41|0x00000000c4d00000, 0x00000000c4e00000, 0x00000000c4e00000|100%| O|  |TAMS 0x00000000c4e00000, 0x00000000c4e00000| Untracked 
|  42|0x00000000c4e00000, 0x00000000c4f00000, 0x00000000c4f00000|100%| O|  |TAMS 0x00000000c4f00000, 0x00000000c4f00000| Untracked 
|  43|0x00000000c4f00000, 0x00000000c5000000, 0x00000000c5000000|100%| O|  |TAMS 0x00000000c5000000, 0x00000000c5000000| Untracked 
|  44|0x00000000c5000000, 0x00000000c5100000, 0x00000000c5100000|100%| O|  |TAMS 0x00000000c5100000, 0x00000000c5100000| Untracked 
|  45|0x00000000c5100000, 0x00000000c5200000, 0x00000000c5200000|100%| O|  |TAMS 0x00000000c5200000, 0x00000000c5200000| Untracked 
|  46|0x00000000c5200000, 0x00000000c5300000, 0x00000000c5300000|100%| O|  |TAMS 0x00000000c5300000, 0x00000000c5300000| Untracked 
|  47|0x00000000c5300000, 0x00000000c5400000, 0x00000000c5400000|100%| O|  |TAMS 0x00000000c5400000, 0x00000000c5400000| Untracked 
|  48|0x00000000c5400000, 0x00000000c5500000, 0x00000000c5500000|100%| O|  |TAMS 0x00000000c5500000, 0x00000000c5500000| Untracked 
|  49|0x00000000c5500000, 0x00000000c5600000, 0x00000000c5600000|100%| O|  |TAMS 0x00000000c5600000, 0x00000000c5600000| Untracked 
|  50|0x00000000c5600000, 0x00000000c5700000, 0x00000000c5700000|100%| O|  |TAMS 0x00000000c5700000, 0x00000000c5700000| Untracked 
|  51|0x00000000c5700000, 0x00000000c5800000, 0x00000000c5800000|100%| O|  |TAMS 0x00000000c5800000, 0x00000000c5800000| Untracked 
|  52|0x00000000c5800000, 0x00000000c5900000, 0x00000000c5900000|100%| O|  |TAMS 0x00000000c5900000, 0x00000000c5900000| Untracked 
|  53|0x00000000c5900000, 0x00000000c5a00000, 0x00000000c5a00000|100%| O|  |TAMS 0x00000000c5a00000, 0x00000000c5a00000| Untracked 
|  54|0x00000000c5a00000, 0x00000000c5b00000, 0x00000000c5b00000|100%| O|  |TAMS 0x00000000c5b00000, 0x00000000c5b00000| Untracked 
|  55|0x00000000c5b00000, 0x00000000c5c00000, 0x00000000c5c00000|100%| O|  |TAMS 0x00000000c5c00000, 0x00000000c5c00000| Untracked 
|  56|0x00000000c5c00000, 0x00000000c5d00000, 0x00000000c5d00000|100%| O|  |TAMS 0x00000000c5d00000, 0x00000000c5d00000| Untracked 
|  57|0x00000000c5d00000, 0x00000000c5e00000, 0x00000000c5e00000|100%| O|  |TAMS 0x00000000c5e00000, 0x00000000c5e00000| Untracked 
|  58|0x00000000c5e00000, 0x00000000c5f00000, 0x00000000c5f00000|100%| O|  |TAMS 0x00000000c5f00000, 0x00000000c5f00000| Untracked 
|  59|0x00000000c5f00000, 0x00000000c6000000, 0x00000000c6000000|100%| O|  |TAMS 0x00000000c6000000, 0x00000000c6000000| Untracked 
|  60|0x00000000c6000000, 0x00000000c6100000, 0x00000000c6100000|100%| O|  |TAMS 0x00000000c6100000, 0x00000000c6100000| Untracked 
|  61|0x00000000c6100000, 0x00000000c6200000, 0x00000000c6200000|100%| O|  |TAMS 0x00000000c6200000, 0x00000000c6200000| Untracked 
|  62|0x00000000c6200000, 0x00000000c6300000, 0x00000000c6300000|100%| O|  |TAMS 0x00000000c6300000, 0x00000000c6300000| Untracked 
|  63|0x00000000c6300000, 0x00000000c6400000, 0x00000000c6400000|100%| O|  |TAMS 0x00000000c6400000, 0x00000000c6400000| Untracked 
|  64|0x00000000c6400000, 0x00000000c6500000, 0x00000000c6500000|100%|HS|  |TAMS 0x00000000c6500000, 0x00000000c6500000| Complete 
|  65|0x00000000c6500000, 0x00000000c6600000, 0x00000000c6600000|100%|HC|  |TAMS 0x00000000c6600000, 0x00000000c6600000| Complete 
|  66|0x00000000c6600000, 0x00000000c6700000, 0x00000000c6700000|100%| O|  |TAMS 0x00000000c6700000, 0x00000000c6700000| Untracked 
|  67|0x00000000c6700000, 0x00000000c6800000, 0x00000000c6800000|100%| O|  |TAMS 0x00000000c6800000, 0x00000000c6800000| Untracked 
|  68|0x00000000c6800000, 0x00000000c6900000, 0x00000000c6900000|100%| O|  |TAMS 0x00000000c6900000, 0x00000000c6900000| Untracked 
|  69|0x00000000c6900000, 0x00000000c6a00000, 0x00000000c6a00000|100%| O|  |TAMS 0x00000000c6a00000, 0x00000000c6a00000| Untracked 
|  70|0x00000000c6a00000, 0x00000000c6b00000, 0x00000000c6b00000|100%| O|  |TAMS 0x00000000c6b00000, 0x00000000c6b00000| Untracked 
|  71|0x00000000c6b00000, 0x00000000c6c00000, 0x00000000c6c00000|100%| O|  |TAMS 0x00000000c6c00000, 0x00000000c6c00000| Untracked 
|  72|0x00000000c6c00000, 0x00000000c6d00000, 0x00000000c6d00000|100%| O|  |TAMS 0x00000000c6d00000, 0x00000000c6d00000| Untracked 
|  73|0x00000000c6d00000, 0x00000000c6e00000, 0x00000000c6e00000|100%| O|  |TAMS 0x00000000c6e00000, 0x00000000c6e00000| Untracked 
|  74|0x00000000c6e00000, 0x00000000c6f00000, 0x00000000c6f00000|100%| O|  |TAMS 0x00000000c6f00000, 0x00000000c6f00000| Untracked 
|  75|0x00000000c6f00000, 0x00000000c7000000, 0x00000000c7000000|100%| O|  |TAMS 0x00000000c7000000, 0x00000000c7000000| Untracked 
|  76|0x00000000c7000000, 0x00000000c7100000, 0x00000000c7100000|100%| O|  |TAMS 0x00000000c7100000, 0x00000000c7100000| Untracked 
|  77|0x00000000c7100000, 0x00000000c7200000, 0x00000000c7200000|100%| O|  |TAMS 0x00000000c7200000, 0x00000000c7200000| Untracked 
|  78|0x00000000c7200000, 0x00000000c7300000, 0x00000000c7300000|100%| O|  |TAMS 0x00000000c7300000, 0x00000000c7300000| Untracked 
|  79|0x00000000c7300000, 0x00000000c7400000, 0x00000000c7400000|100%| O|  |TAMS 0x00000000c7400000, 0x00000000c7400000| Untracked 
|  80|0x00000000c7400000, 0x00000000c7500000, 0x00000000c7500000|100%| O|  |TAMS 0x00000000c7500000, 0x00000000c7500000| Untracked 
|  81|0x00000000c7500000, 0x00000000c7600000, 0x00000000c7600000|100%| O|  |TAMS 0x00000000c7600000, 0x00000000c7600000| Untracked 
|  82|0x00000000c7600000, 0x00000000c7700000, 0x00000000c7700000|100%| O|  |TAMS 0x00000000c7700000, 0x00000000c7700000| Untracked 
|  83|0x00000000c7700000, 0x00000000c7800000, 0x00000000c7800000|100%| O|  |TAMS 0x00000000c7800000, 0x00000000c7800000| Untracked 
|  84|0x00000000c7800000, 0x00000000c7900000, 0x00000000c7900000|100%| O|  |TAMS 0x00000000c7900000, 0x00000000c7900000| Untracked 
|  85|0x00000000c7900000, 0x00000000c7a00000, 0x00000000c7a00000|100%| O|  |TAMS 0x00000000c7a00000, 0x00000000c7a00000| Untracked 
|  86|0x00000000c7a00000, 0x00000000c7b00000, 0x00000000c7b00000|100%| O|  |TAMS 0x00000000c7b00000, 0x00000000c7b00000| Untracked 
|  87|0x00000000c7b00000, 0x00000000c7c00000, 0x00000000c7c00000|100%| O|  |TAMS 0x00000000c7c00000, 0x00000000c7c00000| Untracked 
|  88|0x00000000c7c00000, 0x00000000c7d00000, 0x00000000c7d00000|100%| O|  |TAMS 0x00000000c7d00000, 0x00000000c7d00000| Untracked 
|  89|0x00000000c7d00000, 0x00000000c7e00000, 0x00000000c7e00000|100%| O|  |TAMS 0x00000000c7e00000, 0x00000000c7e00000| Untracked 
|  90|0x00000000c7e00000, 0x00000000c7f00000, 0x00000000c7f00000|100%| O|  |TAMS 0x00000000c7e5c000, 0x00000000c7f00000| Untracked 
|  91|0x00000000c7f00000, 0x00000000c8000000, 0x00000000c8000000|100%| O|  |TAMS 0x00000000c7f00000, 0x00000000c8000000| Untracked 
|  92|0x00000000c8000000, 0x00000000c8100000, 0x00000000c8100000|100%| O|  |TAMS 0x00000000c8000000, 0x00000000c8100000| Untracked 
|  93|0x00000000c8100000, 0x00000000c8200000, 0x00000000c8200000|100%| O|  |TAMS 0x00000000c8100000, 0x00000000c8200000| Untracked 
|  94|0x00000000c8200000, 0x00000000c8300000, 0x00000000c8300000|100%| O|  |TAMS 0x00000000c8200000, 0x00000000c8300000| Untracked 
|  95|0x00000000c8300000, 0x00000000c837ca00, 0x00000000c8400000| 48%| O|  |TAMS 0x00000000c8300000, 0x00000000c837ca00| Untracked 
|  96|0x00000000c8400000, 0x00000000c8400000, 0x00000000c8500000|  0%| F|  |TAMS 0x00000000c8400000, 0x00000000c8400000| Untracked 
|  97|0x00000000c8500000, 0x00000000c8500000, 0x00000000c8600000|  0%| F|  |TAMS 0x00000000c8500000, 0x00000000c8500000| Untracked 
|  98|0x00000000c8600000, 0x00000000c8600000, 0x00000000c8700000|  0%| F|  |TAMS 0x00000000c8600000, 0x00000000c8600000| Untracked 
|  99|0x00000000c8700000, 0x00000000c8700000, 0x00000000c8800000|  0%| F|  |TAMS 0x00000000c8700000, 0x00000000c8700000| Untracked 
| 100|0x00000000c8800000, 0x00000000c8800000, 0x00000000c8900000|  0%| F|  |TAMS 0x00000000c8800000, 0x00000000c8800000| Untracked 
| 101|0x00000000c8900000, 0x00000000c8900000, 0x00000000c8a00000|  0%| F|  |TAMS 0x00000000c8900000, 0x00000000c8900000| Untracked 
| 102|0x00000000c8a00000, 0x00000000c8a00000, 0x00000000c8b00000|  0%| F|  |TAMS 0x00000000c8a00000, 0x00000000c8a00000| Untracked 
| 103|0x00000000c8b00000, 0x00000000c8b00000, 0x00000000c8c00000|  0%| F|  |TAMS 0x00000000c8b00000, 0x00000000c8b00000| Untracked 
| 104|0x00000000c8c00000, 0x00000000c8c00000, 0x00000000c8d00000|  0%| F|  |TAMS 0x00000000c8c00000, 0x00000000c8c00000| Untracked 
| 105|0x00000000c8d00000, 0x00000000c8d00000, 0x00000000c8e00000|  0%| F|  |TAMS 0x00000000c8d00000, 0x00000000c8d00000| Untracked 
| 106|0x00000000c8e00000, 0x00000000c8e00000, 0x00000000c8f00000|  0%| F|  |TAMS 0x00000000c8e00000, 0x00000000c8e00000| Untracked 
| 107|0x00000000c8f00000, 0x00000000c8f00000, 0x00000000c9000000|  0%| F|  |TAMS 0x00000000c8f00000, 0x00000000c8f00000| Untracked 
| 108|0x00000000c9000000, 0x00000000c9000000, 0x00000000c9100000|  0%| F|  |TAMS 0x00000000c9000000, 0x00000000c9000000| Untracked 
| 109|0x00000000c9100000, 0x00000000c9100000, 0x00000000c9200000|  0%| F|  |TAMS 0x00000000c9100000, 0x00000000c9100000| Untracked 
| 110|0x00000000c9200000, 0x00000000c9200000, 0x00000000c9300000|  0%| F|  |TAMS 0x00000000c9200000, 0x00000000c9200000| Untracked 
| 111|0x00000000c9300000, 0x00000000c9300000, 0x00000000c9400000|  0%| F|  |TAMS 0x00000000c9300000, 0x00000000c9300000| Untracked 
| 112|0x00000000c9400000, 0x00000000c9400000, 0x00000000c9500000|  0%| F|  |TAMS 0x00000000c9400000, 0x00000000c9400000| Untracked 
| 113|0x00000000c9500000, 0x00000000c9500000, 0x00000000c9600000|  0%| F|  |TAMS 0x00000000c9500000, 0x00000000c9500000| Untracked 
| 114|0x00000000c9600000, 0x00000000c9600000, 0x00000000c9700000|  0%| F|  |TAMS 0x00000000c9600000, 0x00000000c9600000| Untracked 
| 115|0x00000000c9700000, 0x00000000c9700000, 0x00000000c9800000|  0%| F|  |TAMS 0x00000000c9700000, 0x00000000c9700000| Untracked 
| 116|0x00000000c9800000, 0x00000000c9882860, 0x00000000c9900000| 50%| S|CS|TAMS 0x00000000c9800000, 0x00000000c9800000| Complete 
| 117|0x00000000c9900000, 0x00000000c9900000, 0x00000000c9a00000|  0%| F|  |TAMS 0x00000000c9900000, 0x00000000c9900000| Untracked 
| 118|0x00000000c9a00000, 0x00000000c9a00000, 0x00000000c9b00000|  0%| F|  |TAMS 0x00000000c9a00000, 0x00000000c9a00000| Untracked 
| 119|0x00000000c9b00000, 0x00000000c9b00000, 0x00000000c9c00000|  0%| F|  |TAMS 0x00000000c9b00000, 0x00000000c9b00000| Untracked 
| 120|0x00000000c9c00000, 0x00000000c9c00000, 0x00000000c9d00000|  0%| F|  |TAMS 0x00000000c9c00000, 0x00000000c9c00000| Untracked 
| 121|0x00000000c9d00000, 0x00000000c9d00000, 0x00000000c9e00000|  0%| F|  |TAMS 0x00000000c9d00000, 0x00000000c9d00000| Untracked 
| 122|0x00000000c9e00000, 0x00000000c9e00000, 0x00000000c9f00000|  0%| F|  |TAMS 0x00000000c9e00000, 0x00000000c9e00000| Untracked 
| 123|0x00000000c9f00000, 0x00000000c9f00000, 0x00000000ca000000|  0%| F|  |TAMS 0x00000000c9f00000, 0x00000000c9f00000| Untracked 
| 124|0x00000000ca000000, 0x00000000ca000000, 0x00000000ca100000|  0%| F|  |TAMS 0x00000000ca000000, 0x00000000ca000000| Untracked 
| 125|0x00000000ca100000, 0x00000000ca100000, 0x00000000ca200000|  0%| F|  |TAMS 0x00000000ca100000, 0x00000000ca100000| Untracked 
| 126|0x00000000ca200000, 0x00000000ca200000, 0x00000000ca300000|  0%| F|  |TAMS 0x00000000ca200000, 0x00000000ca200000| Untracked 
| 127|0x00000000ca300000, 0x00000000ca300000, 0x00000000ca400000|  0%| F|  |TAMS 0x00000000ca300000, 0x00000000ca300000| Untracked 
| 128|0x00000000ca400000, 0x00000000ca400000, 0x00000000ca500000|  0%| F|  |TAMS 0x00000000ca400000, 0x00000000ca400000| Untracked 
| 129|0x00000000ca500000, 0x00000000ca500000, 0x00000000ca600000|  0%| F|  |TAMS 0x00000000ca500000, 0x00000000ca500000| Untracked 

Card table byte_map: [0x00000214a2560000,0x00000214a2750000] _byte_map_base: 0x00000214a1f4e000

Marking Bits (Prev, Next): (CMBitMap*) 0x000002148a912bc0, (CMBitMap*) 0x000002148a912b88
 Prev Bits: [0x00000214a38b0000, 0x00000214a4820000)
 Next Bits: [0x00000214a2940000, 0x00000214a38b0000)

Polling page: 0x0000021488840000

Metaspace:

Usage:
  Non-class:     71.69 MB capacity,    71.18 MB (>99%) used,   389.41 KB ( <1%) free+waste,   133.50 KB ( <1%) overhead. 
      Class:      8.83 MB capacity,     8.51 MB ( 96%) used,   277.62 KB (  3%) free+waste,    54.06 KB ( <1%) overhead. 
       Both:     80.52 MB capacity,    79.68 MB ( 99%) used,   667.03 KB ( <1%) free+waste,   187.56 KB ( <1%) overhead. 

Virtual space:
  Non-class space:       72.00 MB reserved,      71.75 MB (>99%) committed 
      Class space:        1.00 GB reserved,       8.88 MB ( <1%) committed 
             Both:        1.07 GB reserved,      80.63 MB (  7%) committed 

Chunk freelists:
   Non-Class:  1.00 KB
       Class:  15.00 KB
        Both:  16.00 KB

MaxMetaspaceSize: 17179869184.00 GB
CompressedClassSpaceSize: 1.00 GB
Initial GC threshold: 20.80 MB
Current GC threshold: 127.29 MB
CDS: off

CodeHeap 'non-profiled nmethods': size=120000Kb used=8733Kb max_used=8733Kb free=111266Kb
 bounds [0x000002149ab10000, 0x000002149b3a0000, 0x00000214a2040000]
CodeHeap 'profiled nmethods': size=120000Kb used=46060Kb max_used=46060Kb free=73939Kb
 bounds [0x00000214935e0000, 0x00000214962e0000, 0x000002149ab10000]
CodeHeap 'non-nmethods': size=5760Kb used=1368Kb max_used=1384Kb free=4391Kb
 bounds [0x0000021493040000, 0x00000214932b0000, 0x00000214935e0000]
 total_blobs=15478 nmethods=14831 adapters=554
 compilation: enabled
              stopped_count=0, restarted_count=0
 full_count=0

Compilation events (20 events):
Event: 37.492 Thread 0x00000214a723f000 nmethod 16033 0x00000214962d9a10 code [0x00000214962d9cc0, 0x00000214962da888]
Event: 37.506 Thread 0x00000214a723c800 16034       4       java.util.ArrayList::remove (26 bytes)
Event: 37.508 Thread 0x00000214a723c800 nmethod 16034 0x000002149b396290 code [0x000002149b396420, 0x000002149b396658]
Event: 37.513 Thread 0x00000214a723f000 16035       3       org.jetbrains.kotlin.ir.visitors.IrElementVisitorVoid$DefaultImpls::visitBlockBody (20 bytes)
Event: 37.513 Thread 0x00000214a723f000 nmethod 16035 0x00000214962dac90 code [0x00000214962daf40, 0x00000214962db9e8]
Event: 37.513 Thread 0x00000214a723f000 16036       3       org.jetbrains.kotlin.ir.visitors.IrElementVisitorVoid$DefaultImpls::visitBlockBody (23 bytes)
Event: 37.514 Thread 0x00000214a723f000 nmethod 16036 0x00000214962dbe10 code [0x00000214962dc0c0, 0x00000214962dcb68]
Event: 37.517 Thread 0x00000214a723c800 16037       4       org.jetbrains.kotlin.ir.visitors.IrElementVisitorVoid$DefaultImpls::visitMemberAccess (23 bytes)
Event: 37.518 Thread 0x00000214a723c800 nmethod 16037 0x000002149b396810 code [0x000002149b3969a0, 0x000002149b396a38]
Event: 37.518 Thread 0x00000214a723c800 16038       4       org.jetbrains.kotlin.ir.declarations.IrFunction::transformChildren (102 bytes)
Event: 37.519 Thread 0x00000214a723f000 16039       3       org.jetbrains.kotlin.ir.expressions.impl.IrClassReferenceImpl::accept (18 bytes)
Event: 37.520 Thread 0x00000214a723f000 nmethod 16039 0x00000214962dcf90 code [0x00000214962dd1c0, 0x00000214962dd828]
Event: 37.533 Thread 0x00000214a723f000 16041       1       org.jetbrains.kotlin.backend.common.phaser.PhaserState::getDepth (5 bytes)
Event: 37.533 Thread 0x00000214a723f000 nmethod 16041 0x000002149b396b90 code [0x000002149b396d40, 0x000002149b396df8]
Event: 37.533 Thread 0x00000214a723f000 16042       1       org.jetbrains.kotlin.backend.common.phaser.PhaserState::getAlreadyDone (5 bytes)
Event: 37.533 Thread 0x00000214a723f000 nmethod 16042 0x000002149b396e90 code [0x000002149b397040, 0x000002149b3970f8]
Event: 37.533 Thread 0x00000214a723f000 16043       1       org.jetbrains.kotlin.backend.common.phaser.PhaseConfig::getCheckConditions (5 bytes)
Event: 37.533 Thread 0x00000214a723f000 nmethod 16043 0x000002149b397190 code [0x000002149b397340, 0x000002149b3973f8]
Event: 37.533 Thread 0x00000214a723f000 16044       1       org.jetbrains.kotlin.backend.common.phaser.PhaserState::setDepth (6 bytes)
Event: 37.533 Thread 0x00000214a723f000 nmethod 16044 0x000002149b397490 code [0x000002149b397640, 0x000002149b3976f8]

GC Heap History (20 events):
Event: 31.018 GC heap after
{Heap after GC invocations=60 (full 0):
 garbage-first heap   total 110592K, used 87440K [0x00000000c2400000, 0x0000000100000000)
  region size 1024K, 2 young (2048K), 2 survivors (2048K)
 Metaspace       used 76504K, capacity 77357K, committed 77440K, reserved 1118208K
  class space    used 8167K, capacity 8496K, committed 8576K, reserved 1048576K
}
Event: 31.147 GC heap before
{Heap before GC invocations=60 (full 0):
 garbage-first heap   total 110592K, used 95632K [0x00000000c2400000, 0x0000000100000000)
  region size 1024K, 10 young (10240K), 2 survivors (2048K)
 Metaspace       used 76716K, capacity 77645K, committed 77696K, reserved 1118208K
  class space    used 8180K, capacity 8528K, committed 8576K, reserved 1048576K
}
Event: 31.151 GC heap after
{Heap after GC invocations=61 (full 0):
 garbage-first heap   total 110592K, used 88331K [0x00000000c2400000, 0x0000000100000000)
  region size 1024K, 2 young (2048K), 2 survivors (2048K)
 Metaspace       used 76716K, capacity 77645K, committed 77696K, reserved 1118208K
  class space    used 8180K, capacity 8528K, committed 8576K, reserved 1048576K
}
Event: 31.272 GC heap before
{Heap before GC invocations=61 (full 0):
 garbage-first heap   total 110592K, used 95499K [0x00000000c2400000, 0x0000000100000000)
  region size 1024K, 9 young (9216K), 2 survivors (2048K)
 Metaspace       used 76787K, capacity 77709K, committed 77952K, reserved 1118208K
  class space    used 8181K, capacity 8528K, committed 8576K, reserved 1048576K
}
Event: 31.277 GC heap after
{Heap after GC invocations=62 (full 0):
 garbage-first heap   total 110592K, used 88976K [0x00000000c2400000, 0x0000000100000000)
  region size 1024K, 2 young (2048K), 2 survivors (2048K)
 Metaspace       used 76787K, capacity 77709K, committed 77952K, reserved 1118208K
  class space    used 8181K, capacity 8528K, committed 8576K, reserved 1048576K
}
Event: 31.325 GC heap before
{Heap before GC invocations=63 (full 0):
 garbage-first heap   total 110592K, used 96144K [0x00000000c2400000, 0x0000000100000000)
  region size 1024K, 9 young (9216K), 2 survivors (2048K)
 Metaspace       used 76804K, capacity 77709K, committed 77952K, reserved 1118208K
  class space    used 8181K, capacity 8528K, committed 8576K, reserved 1048576K
}
Event: 31.330 GC heap after
{Heap after GC invocations=64 (full 0):
 garbage-first heap   total 110592K, used 89646K [0x00000000c2400000, 0x0000000100000000)
  region size 1024K, 2 young (2048K), 2 survivors (2048K)
 Metaspace       used 76804K, capacity 77709K, committed 77952K, reserved 1118208K
  class space    used 8181K, capacity 8528K, committed 8576K, reserved 1048576K
}
Event: 31.390 GC heap before
{Heap before GC invocations=64 (full 0):
 garbage-first heap   total 110592K, used 95790K [0x00000000c2400000, 0x0000000100000000)
  region size 1024K, 8 young (8192K), 2 survivors (2048K)
 Metaspace       used 76855K, capacity 77773K, committed 77952K, reserved 1118208K
  class space    used 8182K, capacity 8528K, committed 8576K, reserved 1048576K
}
Event: 31.394 GC heap after
{Heap after GC invocations=65 (full 0):
 garbage-first heap   total 110592K, used 90395K [0x00000000c2400000, 0x0000000100000000)
  region size 1024K, 1 young (1024K), 1 survivors (1024K)
 Metaspace       used 76855K, capacity 77773K, committed 77952K, reserved 1118208K
  class space    used 8182K, capacity 8528K, committed 8576K, reserved 1048576K
}
Event: 31.464 GC heap before
{Heap before GC invocations=65 (full 0):
 garbage-first heap   total 110592K, used 96539K [0x00000000c2400000, 0x0000000100000000)
  region size 1024K, 7 young (7168K), 1 survivors (1024K)
 Metaspace       used 76878K, capacity 77773K, committed 77952K, reserved 1118208K
  class space    used 8182K, capacity 8528K, committed 8576K, reserved 1048576K
}
Event: 31.467 GC heap after
{Heap after GC invocations=66 (full 0):
 garbage-first heap   total 133120K, used 91069K [0x00000000c2400000, 0x0000000100000000)
  region size 1024K, 1 young (1024K), 1 survivors (1024K)
 Metaspace       used 76878K, capacity 77773K, committed 77952K, reserved 1118208K
  class space    used 8182K, capacity 8528K, committed 8576K, reserved 1048576K
}
Event: 31.625 GC heap before
{Heap before GC invocations=67 (full 0):
 garbage-first heap   total 133120K, used 107453K [0x00000000c2400000, 0x0000000100000000)
  region size 1024K, 17 young (17408K), 1 survivors (1024K)
 Metaspace       used 76901K, capacity 77773K, committed 77952K, reserved 1118208K
  class space    used 8182K, capacity 8528K, committed 8576K, reserved 1048576K
}
Event: 31.646 GC heap after
{Heap after GC invocations=68 (full 0):
 garbage-first heap   total 133120K, used 92572K [0x00000000c2400000, 0x0000000100000000)
  region size 1024K, 3 young (3072K), 3 survivors (3072K)
 Metaspace       used 76901K, capacity 77773K, committed 77952K, reserved 1118208K
  class space    used 8182K, capacity 8528K, committed 8576K, reserved 1048576K
}
Event: 31.775 GC heap before
{Heap before GC invocations=68 (full 0):
 garbage-first heap   total 133120K, used 107932K [0x00000000c2400000, 0x0000000100000000)
  region size 1024K, 18 young (18432K), 3 survivors (3072K)
 Metaspace       used 76970K, capacity 77837K, committed 77952K, reserved 1118208K
  class space    used 8182K, capacity 8528K, committed 8576K, reserved 1048576K
}
Event: 31.781 GC heap after
{Heap after GC invocations=69 (full 0):
 garbage-first heap   total 133120K, used 93776K [0x00000000c2400000, 0x0000000100000000)
  region size 1024K, 2 young (2048K), 2 survivors (2048K)
 Metaspace       used 76970K, capacity 77837K, committed 77952K, reserved 1118208K
  class space    used 8182K, capacity 8528K, committed 8576K, reserved 1048576K
}
Event: 31.944 GC heap before
{Heap before GC invocations=69 (full 0):
 garbage-first heap   total 133120K, used 109136K [0x00000000c2400000, 0x0000000100000000)
  region size 1024K, 18 young (18432K), 2 survivors (2048K)
 Metaspace       used 77351K, capacity 78253K, committed 78464K, reserved 1120256K
  class space    used 8222K, capacity 8560K, committed 8576K, reserved 1048576K
}
Event: 31.951 GC heap after
{Heap after GC invocations=70 (full 0):
 garbage-first heap   total 133120K, used 95906K [0x00000000c2400000, 0x0000000100000000)
  region size 1024K, 3 young (3072K), 3 survivors (3072K)
 Metaspace       used 77351K, capacity 78253K, committed 78464K, reserved 1120256K
  class space    used 8222K, capacity 8560K, committed 8576K, reserved 1048576K
}
Event: 32.144 GC heap before
{Heap before GC invocations=71 (full 0):
 garbage-first heap   total 133120K, used 110242K [0x00000000c2400000, 0x0000000100000000)
  region size 1024K, 18 young (18432K), 3 survivors (3072K)
 Metaspace       used 78467K, capacity 79373K, committed 79616K, reserved 1120256K
  class space    used 8319K, capacity 8656K, committed 8704K, reserved 1048576K
}
Event: 32.152 GC heap after
{Heap after GC invocations=72 (full 0):
 garbage-first heap   total 133120K, used 98778K [0x00000000c2400000, 0x0000000100000000)
  region size 1024K, 3 young (3072K), 3 survivors (3072K)
 Metaspace       used 78467K, capacity 79373K, committed 79616K, reserved 1120256K
  class space    used 8319K, capacity 8656K, committed 8704K, reserved 1048576K
}
Event: 37.554 GC heap before
{Heap before GC invocations=72 (full 0):
 garbage-first heap   total 133120K, used 112090K [0x00000000c2400000, 0x0000000100000000)
  region size 1024K, 16 young (16384K), 3 survivors (3072K)
 Metaspace       used 81593K, capacity 82448K, committed 82560K, reserved 1122304K
  class space    used 8709K, capacity 9041K, committed 9088K, reserved 1048576K
}

Deoptimization events (20 events):
Event: 32.042 Thread 0x000002148a8e2000 DEOPT PACKING pc=0x000002149acb30a0 sp=0x000000630eafdc50
Event: 32.042 Thread 0x000002148a8e2000 DEOPT UNPACKING pc=0x000002149308a1af sp=0x000000630eafdba8 mode 2
Event: 32.046 Thread 0x000002148a8e2000 DEOPT PACKING pc=0x0000021496005a74 sp=0x000000630eafdca0
Event: 32.046 Thread 0x000002148a8e2000 DEOPT UNPACKING pc=0x000002149308a95e sp=0x000000630eafd148 mode 0
Event: 32.067 Thread 0x000002148a8e2000 Uncommon trap: trap_request=0xffffff4d fr.pc=0x000002149acb29f8 relative=0x0000000000000338
Event: 32.067 Thread 0x000002148a8e2000 Uncommon trap: reason=unstable_if action=reinterpret pc=0x000002149acb29f8 method=org.jetbrains.kotlin.ir.util.IdSignature$PublicSignature.equals(Ljava/lang/Object;)Z @ 38 c2
Event: 32.067 Thread 0x000002148a8e2000 DEOPT PACKING pc=0x000002149acb29f8 sp=0x000000630eafe2f0
Event: 32.067 Thread 0x000002148a8e2000 DEOPT UNPACKING pc=0x000002149308a1af sp=0x000000630eafe290 mode 2
Event: 32.083 Thread 0x000002148a8e2000 Uncommon trap: trap_request=0xffffff4d fr.pc=0x000002149b1b3e34 relative=0x0000000000000174
Event: 32.083 Thread 0x000002148a8e2000 Uncommon trap: reason=unstable_if action=reinterpret pc=0x000002149b1b3e34 method=org.jetbrains.kotlin.resolve.InlineClassesUtilsKt.isInlineClass(Lorg/jetbrains/kotlin/descriptors/DeclarationDescriptor;)Z @ 34 c2
Event: 32.083 Thread 0x000002148a8e2000 DEOPT PACKING pc=0x000002149b1b3e34 sp=0x000000630eafde80
Event: 32.083 Thread 0x000002148a8e2000 DEOPT UNPACKING pc=0x000002149308a1af sp=0x000000630eafde20 mode 2
Event: 32.097 Thread 0x000002148a8e2000 Uncommon trap: trap_request=0xffffff4d fr.pc=0x000002149b220a1c relative=0x00000000000000dc
Event: 32.097 Thread 0x000002148a8e2000 Uncommon trap: reason=unstable_if action=reinterpret pc=0x000002149b220a1c method=kotlin.collections.CollectionsKt___CollectionsKt.firstOrNull(Ljava/lang/Iterable;)Ljava/lang/Object; @ 12 c2
Event: 32.097 Thread 0x000002148a8e2000 DEOPT PACKING pc=0x000002149b220a1c sp=0x000000630eafa6f0
Event: 32.097 Thread 0x000002148a8e2000 DEOPT UNPACKING pc=0x000002149308a1af sp=0x000000630eafa680 mode 2
Event: 32.199 Thread 0x000002148a8e2000 Uncommon trap: trap_request=0xffffff4d fr.pc=0x000002149acaa24c relative=0x00000000000004cc
Event: 32.199 Thread 0x000002148a8e2000 Uncommon trap: reason=unstable_if action=reinterpret pc=0x000002149acaa24c method=org.jetbrains.kotlin.backend.common.serialization.mangle.descriptor.DescriptorExportCheckerVisitor.isPubliclyVisible(Lorg/jetbrains/kotlin/descriptors/DescriptorVisibility;)
Event: 32.199 Thread 0x000002148a8e2000 DEOPT PACKING pc=0x000002149acaa24c sp=0x000000630eafbcc0
Event: 32.199 Thread 0x000002148a8e2000 DEOPT UNPACKING pc=0x000002149308a1af sp=0x000000630eafbac0 mode 2

Classes redefined (0 events):
No events

Internal exceptions (20 events):
Event: 8.338 Thread 0x000002148a8e2000 Exception <a 'java/lang/NoSuchMethodError'{0x00000000c7c0f790}: 'int java.lang.invoke.DirectMethodHandle$Holder.invokeStatic(java.lang.Object, java.lang.Object, java.lang.Object, java.lang.Object, java.lang.Object)'> (0x00000000c7c0f790) thrown at [./src/hotspot/share/interpreter/linkResolver.cpp, line 773]
Event: 8.346 Thread 0x000002148a8e2000 Exception <a 'java/lang/NoSuchMethodError'{0x00000000c7c35eb8}: 'int java.lang.invoke.DirectMethodHandle$Holder.invokeStaticInit(java.lang.Object, int)'> (0x00000000c7c35eb8) thrown at [./src/hotspot/share/interpreter/linkResolver.cpp, line 773]
Event: 8.359 Thread 0x000002148a8e2000 Implicit null exception at 0x000002149ad29b75 to 0x000002149ad29dc4
Event: 9.044 Thread 0x000002148a8e2000 Exception <a 'java/lang/NoSuchMethodError'{0x00000000c6682878}: 'int java.lang.invoke.DirectMethodHandle$Holder.invokeInterface(java.lang.Object, java.lang.Object)'> (0x00000000c6682878) thrown at [./src/hotspot/share/interpreter/linkResolver.cpp, line 773]
Event: 9.124 Thread 0x000002148a8e2000 Exception <a 'java/lang/NoSuchMethodError'{0x00000000c7c3d0d8}: 'java.lang.Object java.lang.invoke.DirectMethodHandle$Holder.invokeStatic(java.lang.Object, int, java.lang.Object, java.lang.Object)'> (0x00000000c7c3d0d8) thrown at [./src/hotspot/share/interpreter/linkResolver.cpp, line 773]
Event: 9.125 Thread 0x000002148a8e2000 Exception <a 'java/lang/NoSuchMethodError'{0x00000000c7c448a0}: 'java.lang.Object java.lang.invoke.DirectMethodHandle$Holder.invokeStatic(java.lang.Object, int, java.lang.Object)'> (0x00000000c7c448a0) thrown at [./src/hotspot/share/interpreter/linkResolver.cpp, line 773]
Event: 14.127 Thread 0x000002148a8e2000 Implicit null exception at 0x000002149ae747f0 to 0x000002149ae76eec
Event: 14.127 Thread 0x000002148a8e2000 Implicit null exception at 0x000002149ae51697 to 0x000002149ae51796
Event: 14.191 Thread 0x000002148a8e2000 Exception <a 'java/lang/NoSuchMethodError'{0x00000000c724adf8}: 'java.lang.Object java.lang.invoke.Invokers$Holder.linkToTargetMethod(java.lang.Object, java.lang.Object, java.lang.Object, java.lang.Object, java.lang.Object, java.lang.Object, java.lang.Object)'> (0x00000000c724adf8) thrown at [./src/hotspot/share/interpreter/linkResolver.cpp, line 773]
Event: 14.306 Thread 0x000002148a8e2000 Exception <a 'java/lang/NoSuchMethodError'{0x00000000c7d4c5e8}: 'java.lang.Object java.lang.invoke.DirectMethodHandle$Holder.invokeInterface(java.lang.Object, java.lang.Object, java.lang.Object)'> (0x00000000c7d4c5e8) thrown at [./src/hotspot/share/interpreter/linkResolver.cpp, line 773]
Event: 14.316 Thread 0x000002148a8e2000 Exception <a 'java/lang/IncompatibleClassChangeError'{0x00000000c7d8d238}: Found class java.lang.Object, but interface was expected> (0x00000000c7d8d238) thrown at [./src/hotspot/share/interpreter/linkResolver.cpp, line 839]
Event: 14.522 Thread 0x000002148a8e2000 Exception <a 'java/lang/NoSuchMethodError'{0x00000000c76803c8}: 'java.lang.Object java.lang.invoke.Invokers$Holder.linkToTargetMethod(java.lang.Object, java.lang.Object, java.lang.Object, int, int, java.lang.Object)'> (0x00000000c76803c8) thrown at [./src/hotspot/share/interpreter/linkResolver.cpp, line 773]
Event: 14.929 Thread 0x000002148a8e2000 Implicit null exception at 0x000002149aef929d to 0x000002149aef9b1c
Event: 15.092 Thread 0x000002148a8e2000 Implicit null exception at 0x000002149ab6b375 to 0x000002149ab6b53c
Event: 15.427 Thread 0x000002148a8e2000 Implicit null exception at 0x000002149ae8fbfd to 0x000002149ae920c8
Event: 16.163 Thread 0x000002148a8e2000 Implicit null exception at 0x000002149ae434f9 to 0x000002149ae437dc
Event: 16.214 Thread 0x000002148a8e2000 Implicit null exception at 0x000002149ac7f47c to 0x000002149ac7ff28
Event: 16.229 Thread 0x000002148a8e2000 Implicit null exception at 0x000002149af8a474 to 0x000002149af8aa7c
Event: 26.117 Thread 0x000002148a8e2000 Implicit null exception at 0x000002149b25bc53 to 0x000002149b25be88
Event: 30.054 Thread 0x000002148a8e2000 Implicit null exception at 0x000002149ac9d4d3 to 0x000002149ac9d794

Events (20 events):
Event: 37.543 loading class org/jetbrains/kotlin/backend/jvm/lower/JvmStaticInCompanionLowering done
Event: 37.543 loading class org/jetbrains/kotlin/backend/jvm/lower/CompanionObjectJvmStaticTransformer
Event: 37.543 loading class org/jetbrains/kotlin/backend/jvm/lower/CompanionObjectJvmStaticTransformer done
Event: 37.544 loading class org/jetbrains/kotlin/backend/jvm/lower/StaticDefaultFunctionLowering
Event: 37.544 loading class org/jetbrains/kotlin/backend/jvm/lower/StaticDefaultFunctionLowering done
Event: 37.544 Executing VM operation: Deoptimize
Event: 37.546 Executing VM operation: Deoptimize done
Event: 37.547 loading class org/jetbrains/kotlin/backend/jvm/lower/BridgeLowering
Event: 37.547 loading class org/jetbrains/kotlin/backend/jvm/lower/BridgeLowering done
Event: 37.549 loading class org/jetbrains/kotlin/backend/jvm/JvmLoweredDeclarationOrigin$DEFAULT_IMPLS
Event: 37.549 loading class org/jetbrains/kotlin/backend/jvm/JvmLoweredDeclarationOrigin$DEFAULT_IMPLS done
Event: 37.549 loading class org/jetbrains/kotlin/backend/jvm/lower/SyntheticAccessorLowering
Event: 37.549 loading class org/jetbrains/kotlin/backend/jvm/lower/SyntheticAccessorLowering done
Event: 37.553 loading class org/jetbrains/kotlin/backend/jvm/lower/SyntheticAccessorLowering$lower$1
Event: 37.553 loading class org/jetbrains/kotlin/backend/jvm/lower/SyntheticAccessorLowering$lower$1 done
Event: 37.553 loading class org/jetbrains/kotlin/backend/jvm/lower/SyntheticAccessorLoweringKt
Event: 37.553 loading class org/jetbrains/kotlin/backend/jvm/lower/SyntheticAccessorLoweringKt done
Event: 37.554 loading class org/jetbrains/kotlin/backend/jvm/lower/JvmArgumentNullabilityAssertionsLowering
Event: 37.554 loading class org/jetbrains/kotlin/backend/jvm/lower/JvmArgumentNullabilityAssertionsLowering done
Event: 37.554 Executing VM operation: G1CollectForAllocation


Dynamic libraries:
0x00007ff7656e0000 - 0x00007ff7656ed000 	C:\Program Files\Eclipse Adoptium\jdk-11.0.15.10-hotspot\bin\java.exe
0x00007ff837000000 - 0x00007ff837209000 	C:\WINDOWS\SYSTEM32\ntdll.dll
0x00007ff836000000 - 0x00007ff8360bd000 	C:\WINDOWS\System32\KERNEL32.DLL
0x00007ff8349c0000 - 0x00007ff834d39000 	C:\WINDOWS\System32\KERNELBASE.dll
0x00007ff8348a0000 - 0x00007ff8349b1000 	C:\WINDOWS\System32\ucrtbase.dll
0x00007ff8232e0000 - 0x00007ff8232f7000 	C:\Program Files\Eclipse Adoptium\jdk-11.0.15.10-hotspot\bin\jli.dll
0x00007ff822b30000 - 0x00007ff822b45000 	C:\Program Files\Eclipse Adoptium\jdk-11.0.15.10-hotspot\bin\VCRUNTIME140.dll
0x00007ff836920000 - 0x00007ff836acc000 	C:\WINDOWS\System32\USER32.dll
0x00007ff834e00000 - 0x00007ff834e26000 	C:\WINDOWS\System32\win32u.dll
0x00007ff835040000 - 0x00007ff835069000 	C:\WINDOWS\System32\GDI32.dll
0x00007ff81da60000 - 0x00007ff81dd05000 	C:\WINDOWS\WinSxS\amd64_microsoft.windows.common-controls_6595b64144ccf1df_6.0.22000.120_none_9d947278b86cc467\COMCTL32.dll
0x00007ff834700000 - 0x00007ff834812000 	C:\WINDOWS\System32\gdi32full.dll
0x00007ff836d20000 - 0x00007ff836dc3000 	C:\WINDOWS\System32\msvcrt.dll
0x00007ff8344f0000 - 0x00007ff83458d000 	C:\WINDOWS\System32\msvcp_win.dll
0x00007ff8357d0000 - 0x00007ff835801000 	C:\WINDOWS\System32\IMM32.DLL
0x00007ff821a10000 - 0x00007ff821aab000 	C:\Program Files\Eclipse Adoptium\jdk-11.0.15.10-hotspot\bin\msvcp140.dll
0x00007fffd22c0000 - 0x00007fffd2e41000 	C:\Program Files\Eclipse Adoptium\jdk-11.0.15.10-hotspot\bin\server\jvm.dll
0x00007ff835340000 - 0x00007ff8353ee000 	C:\WINDOWS\System32\ADVAPI32.dll
0x00007ff8352a0000 - 0x00007ff83533e000 	C:\WINDOWS\System32\sechost.dll
0x00007ff834ea0000 - 0x00007ff834fc0000 	C:\WINDOWS\System32\RPCRT4.dll
0x00007ff836ae0000 - 0x00007ff836ae8000 	C:\WINDOWS\System32\PSAPI.DLL
0x00007ff830950000 - 0x00007ff830959000 	C:\WINDOWS\SYSTEM32\WSOCK32.dll
0x00007ff835480000 - 0x00007ff8354ef000 	C:\WINDOWS\System32\WS2_32.dll
0x00007ff830900000 - 0x00007ff830933000 	C:\WINDOWS\SYSTEM32\WINMM.dll
0x00007ff825f60000 - 0x00007ff825f6a000 	C:\WINDOWS\SYSTEM32\VERSION.dll
0x00007ff8336a0000 - 0x00007ff8336b8000 	C:\WINDOWS\SYSTEM32\kernel.appcore.dll
0x00007ff8303f0000 - 0x00007ff830400000 	C:\Program Files\Eclipse Adoptium\jdk-11.0.15.10-hotspot\bin\verify.dll
0x00007ff8317d0000 - 0x00007ff8319f1000 	C:\WINDOWS\SYSTEM32\DBGHELP.DLL
0x00007ff821d60000 - 0x00007ff821d91000 	C:\WINDOWS\SYSTEM32\dbgcore.DLL
0x00007ff834820000 - 0x00007ff83489f000 	C:\WINDOWS\System32\bcryptPrimitives.dll
0x00007ff821d30000 - 0x00007ff821d58000 	C:\Program Files\Eclipse Adoptium\jdk-11.0.15.10-hotspot\bin\java.dll
0x00007ff830330000 - 0x00007ff83033a000 	C:\Program Files\Eclipse Adoptium\jdk-11.0.15.10-hotspot\bin\jimage.dll
0x00007ff821820000 - 0x00007ff821838000 	C:\Program Files\Eclipse Adoptium\jdk-11.0.15.10-hotspot\bin\zip.dll
0x00007ff8360c0000 - 0x00007ff83686f000 	C:\WINDOWS\System32\SHELL32.dll
0x00007ff8325e0000 - 0x00007ff832e48000 	C:\WINDOWS\SYSTEM32\windows.storage.dll
0x00007ff835810000 - 0x00007ff835b88000 	C:\WINDOWS\System32\combase.dll
0x00007ff832470000 - 0x00007ff8325d6000 	C:\WINDOWS\SYSTEM32\wintypes.dll
0x00007ff836dd0000 - 0x00007ff836eba000 	C:\WINDOWS\System32\SHCORE.dll
0x00007ff836bd0000 - 0x00007ff836c2d000 	C:\WINDOWS\System32\shlwapi.dll
0x00007ff834420000 - 0x00007ff834441000 	C:\WINDOWS\SYSTEM32\profapi.dll
0x00007ff81ff80000 - 0x00007ff81ff99000 	C:\Program Files\Eclipse Adoptium\jdk-11.0.15.10-hotspot\bin\net.dll
0x00007ff82e240000 - 0x00007ff82e34c000 	C:\WINDOWS\SYSTEM32\WINHTTP.dll
0x00007ff833ad0000 - 0x00007ff833b37000 	C:\WINDOWS\system32\mswsock.dll
0x00007ff81ff60000 - 0x00007ff81ff73000 	C:\Program Files\Eclipse Adoptium\jdk-11.0.15.10-hotspot\bin\nio.dll

dbghelp: loaded successfully - version: 4.0.5 - missing functions: none
symbol engine: initialized successfully - sym options: 0x614 - pdb path: .;C:\Program Files\Eclipse Adoptium\jdk-11.0.15.10-hotspot\bin;C:\WINDOWS\SYSTEM32;C:\WINDOWS\WinSxS\amd64_microsoft.windows.common-controls_6595b64144ccf1df_6.0.22000.120_none_9d947278b86cc467;C:\Program Files\Eclipse Adoptium\jdk-11.0.15.10-hotspot\bin\server

VM Arguments:
java_command: org.jetbrains.kotlin.cli.jvm.K2JVMCompiler @E:\uti\Kelompok1PPB\node_modules\react-native-gesture-handler\android\build\20220610_5989166559321758052.compiler.options
java_class_path (initial): C:\Users\user\.gradle\caches\modules-2\files-2.1\org.jetbrains.kotlin\kotlin-compiler-embeddable\1.5.20\1900e8b9aca0a9caffd45b99b36e3720a0a284f8\kotlin-compiler-embeddable-1.5.20.jar;C:\Users\user\.gradle\caches\modules-2\files-2.1\org.jetbrains.kotlin\kotlin-reflect\1.5.20\63810951f09a27f7827977f1bc21094042a915e\kotlin-reflect-1.5.20.jar;C:\Users\user\.gradle\caches\modules-2\files-2.1\org.jetbrains.kotlin\kotlin-stdlib\1.5.20\9de35cc611bcecec8edce1d56d8e659953806751\kotlin-stdlib-1.5.20.jar;C:\Users\user\.gradle\caches\modules-2\files-2.1\org.jetbrains.kotlin\kotlin-script-runtime\1.5.20\4381bb58d37b84d4d1afe55ec35542dd9b77e101\kotlin-script-runtime-1.5.20.jar;C:\Users\user\.gradle\caches\modules-2\files-2.1\org.jetbrains.kotlin\kotlin-daemon-embeddable\1.5.20\36c38cda019834dcd2959cc33a12768adcd94256\kotlin-daemon-embeddable-1.5.20.jar;C:\Users\user\.gradle\caches\modules-2\files-2.1\org.jetbrains.intellij.deps\trove4j\1.0.20181211\216c2e14b070f334479d800987affe4054cd563f\trove4j-1.0.20181211.jar;C:\Users\user\.gradle\caches\modules-2\files-2.1\org.jetbrains\annotations\13.0\919f0dfe192fb4e063e7dacadee7f8bb9a2672a9\annotations-13.0.jar;C:\Users\user\.gradle\caches\modules-2\files-2.1\org.jetbrains.kotlin\kotlin-stdlib-common\1.5.20\3d79dbd48bf605f4aac1e7028981a1953e245cbb\kotlin-stdlib-common-1.5.20.jar
Launcher Type: SUN_STANDARD

[Global flags]
     intx CICompilerCount                          = 4                                         {product} {ergonomic}
     uint ConcGCThreads                            = 2                                         {product} {ergonomic}
     uint G1ConcRefinementThreads                  = 8                                         {product} {ergonomic}
   size_t G1HeapRegionSize                         = 1048576                                   {product} {ergonomic}
    uintx GCDrainStackTargetSize                   = 64                                        {product} {ergonomic}
   size_t InitialHeapSize                          = 65011712                                  {product} {ergonomic}
   size_t MarkStackSize                            = 4194304                                   {product} {ergonomic}
   size_t MaxHeapSize                              = 1035993088                                {product} {ergonomic}
   size_t MaxNewSize                               = 620756992                                 {product} {ergonomic}
   size_t MinHeapDeltaBytes                        = 1048576                                   {product} {ergonomic}
    uintx NonNMethodCodeHeapSize                   = 5836300                                {pd product} {ergonomic}
    uintx NonProfiledCodeHeapSize                  = 122910970                              {pd product} {ergonomic}
    uintx ProfiledCodeHeapSize                     = 122910970                              {pd product} {ergonomic}
    uintx ReservedCodeCacheSize                    = 251658240                              {pd product} {ergonomic}
     bool SegmentedCodeCache                       = true                                      {product} {ergonomic}
     bool UseCompressedClassPointers               = true                                 {lp64_product} {ergonomic}
     bool UseCompressedOops                        = true                                 {lp64_product} {ergonomic}
     bool UseG1GC                                  = true                                      {product} {ergonomic}
     bool UseLargePagesIndividualAllocation        = false                                  {pd product} {ergonomic}

Logging:
Log output configuration:
 #0: stdout all=warning uptime,level,tags
 #1: stderr all=off uptime,level,tags

Environment Variables:
JAVA_HOME=C:\Program Files\Eclipse Adoptium\jdk-11.0.15.10-hotspot\
CLASSPATH=E:\uti\Kelompok1PPB\android\\gradle\wrapper\gradle-wrapper.jar
PATH=E:\uti\Kelompok1PPB\android\node_modules\.bin;E:\uti\Kelompok1PPB\node_modules\.bin;E:\uti\node_modules\.bin;E:\node_modules\.bin;C:\Program Files\nodejs;E:\uti\Kelompok1PPB\node_modules\.bin;E:\uti\node_modules\.bin;E:\node_modules\.bin;C:\Program Files\nodejs\node_modules\npm\node_modules\@npmcli\run-script\lib\node-gyp-bin;C:\Program Files\Eclipse Adoptium\jdk-11.0.15.10-hotspot\bin;C:\Python27\;C:\Python27\Scripts;C:\Program Files (x86)\Common Files\Intel\Shared Libraries\redist\intel64\compiler;C:\Python310\Scripts\;C:\Python310\;C:\Program Files (x86)\Common Files\Oracle\Java\javapath;C:\Program Files (x86)\Common Files\Intel\Shared Files\cpp\bin\Intel64;C:\Windows\system32;C:\Windows;C:\Windows\System32\Wbem;C:\Windows\System32\WindowsPowerShell\v1.0\;C:\Windows\System32\OpenSSH\;C:\Program Files (x86)\NVIDIA Corporation\PhysX\Common;C:\Program Files\Intel\WiFi\bin\;C:\Program Files\Common Files\Intel\WirelessCommon\;C:\WINDOWS\system32;C:\WINDOWS;C:\WINDOWS\System32\Wbem;C:\WINDOWS\System32\WindowsPowerShell\v1.0\;C:\WINDOWS\System32\OpenSSH\;C:\ProgramData\chocolatey\bin;C:\Program Files\OpenJDK\openjdk-11.0.14.1_1\bin;C:\Users\user\AppData\Local\Android\Sdk;C:\Users\user\AppData\Local\Android\Sdk\platform-tools;C:\Program Files\nodejs\;C:\Program Files\Java\jdk1.8.0_211\bin;C:\Program Files (x86)\Yarn\bin\;C:\xampp\php;C:\composer;C:\Program Files\Git\cmd;C:\Users\user\AppData\Local\Microsoft\WindowsApps;E:\Program Files\IntelliJ IDEA Community Edition 2020.1\bin;C:\Users\user\AppData\Local\Programs\Python\Python38\Scripts;C:\Users\user\AppData\Local\Microsoft\WindowsApps;C:\Users\user\AppData\Local\Programs\Microsoft VS Code\bin;C:\Users\user\AppData\Roaming\npm;C:\Users\user\AppData\Local\Yarn\bin;C:\Users\user\AppData\Roaming\Composer\vendor\bin;E:\uti\Kelompok1PPB\node_modules\.bin
USERNAME=user
OS=Windows_NT
PROCESSOR_IDENTIFIER=Intel64 Family 6 Model 142 Stepping 11, GenuineIntel



---------------  S Y S T E M  ---------------

OS: Windows 11 , 64 bit Build 22000 (10.0.22000.675)
OS uptime: 11 days 1:49 hours
Hyper-V role detected

CPU:total 8 (initial active 8) (4 cores per cpu, 2 threads per core) family 6 model 142 stepping 11 microcode 0xde, cmov, cx8, fxsr, mmx, sse, sse2, sse3, ssse3, sse4.1, sse4.2, popcnt, avx, avx2, aes, clmul, erms, 3dnowpref, lzcnt, ht, tsc, tscinvbit, bmi1, bmi2, adx, fma

Memory: 4k page, system-wide physical 3947M (376M free)
TotalPageFile size 16235M (AvailPageFile size 53M)
current process WorkingSet (physical memory assigned to process): 307M, peak: 334M
current process commit charge ("private bytes"): 379M, peak: 462M

vm_info: OpenJDK 64-Bit Server VM (11.0.15+10) for windows-amd64 JRE (11.0.15+10), built on Apr 19 2022 22:29:44 by "" with unknown MS VC++:1916

END.
