#
# There is insufficient memory for the Java Runtime Environment to continue.
# Native memory allocation (mmap) failed to map 415236096 bytes for Failed to commit area from 0x000000008df00000 to 0x00000000a6b00000 of length 415236096.
# Possible reasons:
#   The system is out of physical RAM or swap space
#   The process is running with CompressedOops enabled, and the Java Heap may be blocking the growth of the native heap
# Possible solutions:
#   Reduce memory load on the system
#   Increase physical memory or swap space
#   Check if swap backing store is full
#   Decrease Java heap size (-Xmx/-Xms)
#   Decrease number of Java threads
#   Decrease Java thread stack sizes (-Xss)
#   Set larger code cache with -XX:ReservedCodeCacheSize=
#   JVM is running with Unscaled Compressed Oops mode in which the Java heap is
#     placed in the first 4GB address space. The Java Heap base address is the
#     maximum limit for the native heap growth. Please use -XX:HeapBaseMinAddress
#     to set the Java Heap base and to place the Java Heap above 4GB virtual address.
# This output file may be truncated or incomplete.
#
#  Out of Memory Error (./src/hotspot/os/windows/os_windows.cpp:3390), pid=12128, tid=20432
#
# JRE version: OpenJDK Runtime Environment Temurin-11.0.15+10 (11.0.15+10) (build 11.0.15+10)
# Java VM: OpenJDK 64-Bit Server VM Temurin-11.0.15+10 (11.0.15+10, mixed mode, tiered, compressed oops, g1 gc, windows-amd64)
# No core dump will be written. Minidumps are not enabled by default on client versions of Windows
#

---------------  S U M M A R Y ------------

Command Line: -XX:MaxMetaspaceSize=512m --add-opens=java.base/java.util=ALL-UNNAMED --add-opens=java.base/java.lang=ALL-UNNAMED --add-opens=java.base/java.lang.invoke=ALL-UNNAMED --add-opens=java.base/java.util=ALL-UNNAMED --add-opens=java.prefs/java.util.prefs=ALL-UNNAMED --add-opens=java.prefs/java.util.prefs=ALL-UNNAMED --add-opens=java.base/java.nio.charset=ALL-UNNAMED --add-opens=java.base/java.net=ALL-UNNAMED --add-opens=java.base/java.util.concurrent.atomic=ALL-UNNAMED -Xmx2048m -Dfile.encoding=windows-1252 -Duser.country=ID -Duser.language=en -Duser.variant org.gradle.launcher.daemon.bootstrap.GradleDaemon 7.3.3

Host: Intel(R) Core(TM) i5-8265U CPU @ 1.60GHz, 8 cores, 3G,  Windows 11 , 64 bit Build 22000 (10.0.22000.675)
Time: Fri Jun 10 20:38:27 2022 SE Asia Standard Time elapsed time: 1311.879468 seconds (0d 0h 21m 51s)

---------------  T H R E A D  ---------------

Current thread (0x00000281dddf2000):  VMThread "VM Thread" [stack: 0x000000a799b00000,0x000000a799c00000] [id=20432]

Stack: [0x000000a799b00000,0x000000a799c00000]
[error occurred during error reporting (printing stack bounds), id 0xc0000005, EXCEPTION_ACCESS_VIOLATION (0xc0000005) at pc=0x00000281c74d112d]

Native frames: (J=compiled Java code, j=interpreted, Vv=VM code, C=native code)
V  [jvm.dll+0x61e72a]
V  [jvm.dll+0x7aae49]
V  [jvm.dll+0x7ac538]
V  [jvm.dll+0x7acb75]
V  [jvm.dll+0x7acb2b]
V  [jvm.dll+0x61dab7]
V  [jvm.dll+0x61e1c8]
C  [ntdll.dll+0xa8e4f]
C  [ntdll.dll+0x35e9a]
C  [ntdll.dll+0xa7e5e]
C  0x00000281c74d112d

VM_Operation (0x000000a79c3fd730): G1CollectForAllocation, mode: safepoint, requested by thread 0x00000281e274e000


---------------  P R O C E S S  ---------------

Threads class SMR info:
_java_thread_list=0x00000281e572e920, length=141, elements={
0x00000281bed77000, 0x00000281dddf7000, 0x00000281dde02000, 0x00000281dde5c800,
0x00000281dde5d800, 0x00000281dde5e800, 0x00000281dde68000, 0x00000281dde6c800,
0x00000281dde73000, 0x00000281de8e2000, 0x00000281dfd01800, 0x00000281dfef4000,
0x00000281e0024000, 0x00000281e0991000, 0x00000281e0992000, 0x00000281e098e800,
0x00000281e0994800, 0x00000281e0990800, 0x00000281e2752000, 0x00000281e274e000,
0x00000281e274e800, 0x00000281e274f800, 0x00000281e274c800, 0x00000281e2754800,
0x00000281e2751000, 0x00000281e2753000, 0x00000281e274d000, 0x00000281e2757000,
0x00000281e2757800, 0x00000281e2755800, 0x00000281e2756000, 0x00000281e2758800,
0x00000281e2759800, 0x00000281e2753800, 0x00000281e275a000, 0x00000281e275b000,
0x00000281e0992800, 0x00000281e0993800, 0x00000281e0995000, 0x00000281e098f800,
0x00000281e0ef6800, 0x00000281e0ef8000, 0x00000281e0ef7800, 0x00000281e0ef5800,
0x00000281e0efa000, 0x00000281e0ef9000, 0x00000281e0ef5000, 0x00000281e0efa800,
0x00000281e0f00800, 0x00000281e0efc000, 0x00000281e0efd000, 0x00000281e0f01000,
0x00000281e0efe000, 0x00000281e0efe800, 0x00000281e0eff800, 0x00000281e0efb800,
0x00000281e0f02000, 0x00000281e0f03000, 0x00000281e0f03800, 0x00000281e124d800,
0x00000281e124a800, 0x00000281e1249800, 0x00000281e124e800, 0x00000281e124c000,
0x00000281e124f000, 0x00000281e1251000, 0x00000281e124b000, 0x00000281e1250000,
0x00000281e1251800, 0x00000281e1252800, 0x00000281e124d000, 0x00000281e1255800,
0x00000281e1257800, 0x00000281e1258000, 0x00000281e1256800, 0x00000281e1253800,
0x00000281e1254000, 0x00000281e1255000, 0x00000281df639000, 0x00000281df640800,
0x00000281df63b800, 0x00000281df642000, 0x00000281df63c800, 0x00000281df646000,
0x00000281df647800, 0x00000281df643000, 0x00000281df643800, 0x00000281df647000,
0x00000281df645000, 0x00000281df644800, 0x00000281e4d11800, 0x00000281e4d13000,
0x00000281e4d0d800, 0x00000281e4d0f800, 0x00000281e4d12000, 0x00000281e4d14000,
0x00000281e4d0e000, 0x00000281e4d14800, 0x00000281e4d10800, 0x00000281e4d0f000,
0x00000281e4d18800, 0x00000281e4d19800, 0x00000281e4d16000, 0x00000281e4d1a800,
0x00000281e4d1b000, 0x00000281e4d15800, 0x00000281e4d1c000, 0x00000281e4d18000,
0x00000281e4d17000, 0x00000281e3211000, 0x00000281e3212000, 0x00000281e3213000,
0x00000281e3210800, 0x00000281e3213800, 0x00000281e3214800, 0x00000281e3215800,
0x00000281e320f800, 0x00000281e3217800, 0x00000281e3219800, 0x00000281e3216000,
0x00000281e321a000, 0x00000281e321b000, 0x00000281e321c000, 0x00000281e3218800,
0x00000281e321c800, 0x00000281e3217000, 0x00000281e321d800, 0x00000281e321e000,
0x00000281df63a000, 0x00000281df63f800, 0x00000281df63a800, 0x00000281df641000,
0x00000281df63d000, 0x00000281df63e800, 0x00000281df63e000, 0x00000281e65c4000,
0x00000281e65c7000, 0x00000281e65c4800, 0x00000281e65c5800, 0x00000281e65c8800,
0x00000281e65c6800
}

Java Threads: ( => current thread )
  0x00000281bed77000 JavaThread "main" [_thread_blocked, id=18948, stack(0x000000a799500000,0x000000a799600000)]
  0x00000281dddf7000 JavaThread "Reference Handler" daemon [_thread_blocked, id=1388, stack(0x000000a799c00000,0x000000a799d00000)]
  0x00000281dde02000 JavaThread "Finalizer" daemon [_thread_blocked, id=15304, stack(0x000000a799d00000,0x000000a799e00000)]
  0x00000281dde5c800 JavaThread "Signal Dispatcher" daemon [_thread_blocked, id=468, stack(0x000000a799e00000,0x000000a799f00000)]
  0x00000281dde5d800 JavaThread "Attach Listener" daemon [_thread_blocked, id=5592, stack(0x000000a799f00000,0x000000a79a000000)]
  0x00000281dde5e800 JavaThread "Service Thread" daemon [_thread_blocked, id=4852, stack(0x000000a79a000000,0x000000a79a100000)]
  0x00000281dde68000 JavaThread "C2 CompilerThread0" daemon [_thread_blocked, id=17924, stack(0x000000a79a100000,0x000000a79a200000)]
  0x00000281dde6c800 JavaThread "C1 CompilerThread0" daemon [_thread_blocked, id=9596, stack(0x000000a79a200000,0x000000a79a300000)]
  0x00000281dde73000 JavaThread "Sweeper thread" daemon [_thread_blocked, id=7524, stack(0x000000a79a300000,0x000000a79a400000)]
  0x00000281de8e2000 JavaThread "Common-Cleaner" daemon [_thread_blocked, id=17028, stack(0x000000a79a400000,0x000000a79a500000)]
  0x00000281dfd01800 JavaThread "Daemon health stats" [_thread_blocked, id=6948, stack(0x000000a79a700000,0x000000a79a800000)]
  0x00000281dfef4000 JavaThread "Incoming local TCP Connector on port 63450" [_thread_in_native, id=7744, stack(0x000000a79aa00000,0x000000a79ab00000)]
  0x00000281e0024000 JavaThread "Daemon periodic checks" [_thread_blocked, id=5852, stack(0x000000a79ab00000,0x000000a79ac00000)]
  0x00000281e0991000 JavaThread "Cache worker for journal cache (C:\Users\user\.gradle\caches\journal-1)" [_thread_blocked, id=15140, stack(0x000000a79b700000,0x000000a79b800000)]
  0x00000281e0992000 JavaThread "File lock request listener" [_thread_in_native, id=16464, stack(0x000000a79b800000,0x000000a79b900000)]
  0x00000281e098e800 JavaThread "Cache worker for file hash cache (C:\Users\user\.gradle\caches\7.3.3\fileHashes)" [_thread_blocked, id=10976, stack(0x000000a79b900000,0x000000a79ba00000)]
  0x00000281e0994800 JavaThread "File watcher server" daemon [_thread_in_native, id=19876, stack(0x000000a79bc00000,0x000000a79bd00000)]
  0x00000281e0990800 JavaThread "File watcher consumer" daemon [_thread_blocked, id=7828, stack(0x000000a79bd00000,0x000000a79be00000)]
  0x00000281e2752000 JavaThread "Cache worker for execution history cache (C:\Users\user\.gradle\caches\7.3.3\executionHistory)" [_thread_blocked, id=9188, stack(0x000000a79c100000,0x000000a79c200000)]
  0x00000281e274e000 JavaThread "jar transforms" [_thread_blocked, id=12748, stack(0x000000a79c300000,0x000000a79c400000)]
  0x00000281e274e800 JavaThread "jar transforms Thread 2" [_thread_blocked, id=6380, stack(0x000000a79c400000,0x000000a79c500000)]
  0x00000281e274f800 JavaThread "Cache worker for file content cache (C:\Users\user\.gradle\caches\7.3.3\fileContent)" [_thread_blocked, id=13684, stack(0x000000a79c500000,0x000000a79c600000)]
  0x00000281e274c800 JavaThread "jar transforms Thread 3" [_thread_blocked, id=13076, stack(0x000000a79c600000,0x000000a79c700000)]
  0x00000281e2754800 JavaThread "jar transforms Thread 4" [_thread_blocked, id=7204, stack(0x000000a79c700000,0x000000a79c800000)]
  0x00000281e2751000 JavaThread "Daemon Thread 3" [_thread_blocked, id=4924, stack(0x000000a799200000,0x000000a799300000)]
  0x00000281e2753000 JavaThread "Handler for socket connection from /127.0.0.1:63450 to /127.0.0.1:63690" [_thread_in_native, id=15812, stack(0x000000a799300000,0x000000a799400000)]
  0x00000281e274d000 JavaThread "Cancel handler" [_thread_blocked, id=7572, stack(0x000000a799400000,0x000000a799500000)]
  0x00000281e2757000 JavaThread "Daemon worker Thread 3" [_thread_blocked, id=5720, stack(0x000000a79ac00000,0x000000a79ad00000)]
  0x00000281e2757800 JavaThread "Asynchronous log dispatcher for DefaultDaemonConnection: socket connection from /127.0.0.1:63450 to /127.0.0.1:63690" [_thread_blocked, id=8320, stack(0x000000a79ad00000,0x000000a79ae00000)]
  0x00000281e2755800 JavaThread "Stdin handler" [_thread_blocked, id=2368, stack(0x000000a79ae00000,0x000000a79af00000)]
  0x00000281e2756000 JavaThread "Daemon client event forwarder" [_thread_blocked, id=16744, stack(0x000000a79af00000,0x000000a79b000000)]
  0x00000281e2758800 JavaThread "Cache worker for file hash cache (E:\uti\Kelompok1PPB\android\.gradle\7.3.3\fileHashes)" [_thread_blocked, id=15760, stack(0x000000a79b000000,0x000000a79b100000)]
  0x00000281e2759800 JavaThread "Cache worker for checksums cache (E:\uti\Kelompok1PPB\android\.gradle\7.3.3\checksums)" [_thread_blocked, id=2392, stack(0x000000a79b100000,0x000000a79b200000)]
  0x00000281e2753800 JavaThread "Cache worker for cache directory md-supplier (C:\Users\user\.gradle\caches\7.3.3\md-supplier)" [_thread_blocked, id=16676, stack(0x000000a79b200000,0x000000a79b300000)]
  0x00000281e275a000 JavaThread "Cache worker for cache directory md-rule (C:\Users\user\.gradle\caches\7.3.3\md-rule)" [_thread_blocked, id=15048, stack(0x000000a79bb00000,0x000000a79bc00000)]
  0x00000281e275b000 JavaThread "jar transforms Thread 5" [_thread_blocked, id=2196, stack(0x000000a79be00000,0x000000a79bf00000)]
  0x00000281e0992800 JavaThread "jar transforms Thread 6" [_thread_blocked, id=17616, stack(0x000000a79bf00000,0x000000a79c000000)]
  0x00000281e0993800 JavaThread "jar transforms Thread 7" [_thread_blocked, id=11156, stack(0x000000a79c000000,0x000000a79c100000)]
  0x00000281e0995000 JavaThread "jar transforms Thread 8" [_thread_blocked, id=10348, stack(0x000000a79c200000,0x000000a79c300000)]
  0x00000281e098f800 JavaThread "Cache worker for kotlin-dsl (C:\Users\user\.gradle\caches\7.3.3\kotlin-dsl)" [_thread_blocked, id=17672, stack(0x000000a79c900000,0x000000a79ca00000)]
  0x00000281e0ef6800 JavaThread "Cache worker for dependencies-accessors (E:\uti\Kelompok1PPB\android\.gradle\7.3.3\dependencies-accessors)" [_thread_blocked, id=2540, stack(0x000000a79ca00000,0x000000a79cb00000)]
  0x00000281e0ef8000 JavaThread "Cache worker for Build Output Cleanup Cache (E:\uti\Kelompok1PPB\node_modules\react-native-gradle-plugin\.gradle\buildOutputCleanup)" [_thread_blocked, id=12184, stack(0x000000a79c800000,0x000000a79c900000)]
  0x00000281e0ef7800 JavaThread "Unconstrained build operations" [_thread_blocked, id=20112, stack(0x000000a79cb00000,0x000000a79cc00000)]
  0x00000281e0ef5800 JavaThread "Unconstrained build operations Thread 2" [_thread_blocked, id=18636, stack(0x000000a79cc00000,0x000000a79cd00000)]
  0x00000281e0efa000 JavaThread "Unconstrained build operations Thread 3" [_thread_blocked, id=3600, stack(0x000000a79cd00000,0x000000a79ce00000)]
  0x00000281e0ef9000 JavaThread "Unconstrained build operations Thread 4" [_thread_blocked, id=13520, stack(0x000000a79ce00000,0x000000a79cf00000)]
  0x00000281e0ef5000 JavaThread "Unconstrained build operations Thread 5" [_thread_blocked, id=7108, stack(0x000000a79cf00000,0x000000a79d000000)]
  0x00000281e0efa800 JavaThread "Unconstrained build operations Thread 6" [_thread_blocked, id=9868, stack(0x000000a79d000000,0x000000a79d100000)]
  0x00000281e0f00800 JavaThread "Unconstrained build operations Thread 7" [_thread_blocked, id=18872, stack(0x000000a79d100000,0x000000a79d200000)]
  0x00000281e0efc000 JavaThread "Unconstrained build operations Thread 8" [_thread_blocked, id=10964, stack(0x000000a79d200000,0x000000a79d300000)]
  0x00000281e0efd000 JavaThread "Unconstrained build operations Thread 9" [_thread_blocked, id=16324, stack(0x000000a79d300000,0x000000a79d400000)]
  0x00000281e0f01000 JavaThread "Unconstrained build operations Thread 10" [_thread_blocked, id=11116, stack(0x000000a79d400000,0x000000a79d500000)]
  0x00000281e0efe000 JavaThread "Unconstrained build operations Thread 11" [_thread_blocked, id=6832, stack(0x000000a79d500000,0x000000a79d600000)]
  0x00000281e0efe800 JavaThread "Unconstrained build operations Thread 12" [_thread_blocked, id=18532, stack(0x000000a79d600000,0x000000a79d700000)]
  0x00000281e0eff800 JavaThread "Unconstrained build operations Thread 13" [_thread_blocked, id=8560, stack(0x000000a79d700000,0x000000a79d800000)]
  0x00000281e0efb800 JavaThread "Unconstrained build operations Thread 14" [_thread_blocked, id=15308, stack(0x000000a79d800000,0x000000a79d900000)]
  0x00000281e0f02000 JavaThread "Unconstrained build operations Thread 15" [_thread_blocked, id=15440, stack(0x000000a79d900000,0x000000a79da00000)]
  0x00000281e0f03000 JavaThread "Unconstrained build operations Thread 16" [_thread_blocked, id=3556, stack(0x000000a79da00000,0x000000a79db00000)]
  0x00000281e0f03800 JavaThread "Unconstrained build operations Thread 17" [_thread_blocked, id=8976, stack(0x000000a79db00000,0x000000a79dc00000)]
  0x00000281e124d800 JavaThread "Unconstrained build operations Thread 18" [_thread_blocked, id=15784, stack(0x000000a79dc00000,0x000000a79dd00000)]
  0x00000281e124a800 JavaThread "Unconstrained build operations Thread 19" [_thread_blocked, id=8448, stack(0x000000a79dd00000,0x000000a79de00000)]
  0x00000281e1249800 JavaThread "Unconstrained build operations Thread 20" [_thread_blocked, id=16304, stack(0x000000a79de00000,0x000000a79df00000)]
  0x00000281e124e800 JavaThread "Unconstrained build operations Thread 21" [_thread_blocked, id=18472, stack(0x000000a79df00000,0x000000a79e000000)]
  0x00000281e124c000 JavaThread "Unconstrained build operations Thread 22" [_thread_blocked, id=18384, stack(0x000000a79e000000,0x000000a79e100000)]
  0x00000281e124f000 JavaThread "Unconstrained build operations Thread 23" [_thread_blocked, id=15028, stack(0x000000a79e100000,0x000000a79e200000)]
  0x00000281e1251000 JavaThread "Unconstrained build operations Thread 24" [_thread_blocked, id=6484, stack(0x000000a79e200000,0x000000a79e300000)]
  0x00000281e124b000 JavaThread "Unconstrained build operations Thread 25" [_thread_blocked, id=16472, stack(0x000000a79e300000,0x000000a79e400000)]
  0x00000281e1250000 JavaThread "Unconstrained build operations Thread 26" [_thread_blocked, id=9420, stack(0x000000a79e400000,0x000000a79e500000)]
  0x00000281e1251800 JavaThread "Unconstrained build operations Thread 27" [_thread_blocked, id=12732, stack(0x000000a79e500000,0x000000a79e600000)]
  0x00000281e1252800 JavaThread "Unconstrained build operations Thread 28" [_thread_blocked, id=17580, stack(0x000000a79e600000,0x000000a79e700000)]
  0x00000281e124d000 JavaThread "Unconstrained build operations Thread 29" [_thread_blocked, id=504, stack(0x000000a79e700000,0x000000a79e800000)]
  0x00000281e1255800 JavaThread "Unconstrained build operations Thread 30" [_thread_blocked, id=13468, stack(0x000000a79e800000,0x000000a79e900000)]
  0x00000281e1257800 JavaThread "Unconstrained build operations Thread 31" [_thread_blocked, id=4456, stack(0x000000a79e900000,0x000000a79ea00000)]
  0x00000281e1258000 JavaThread "Unconstrained build operations Thread 32" [_thread_blocked, id=11568, stack(0x000000a79ea00000,0x000000a79eb00000)]
  0x00000281e1256800 JavaThread "Unconstrained build operations Thread 33" [_thread_blocked, id=5924, stack(0x000000a79eb00000,0x000000a79ec00000)]
  0x00000281e1253800 JavaThread "build event listener" [_thread_blocked, id=13404, stack(0x000000a79ec00000,0x000000a79ed00000)]
  0x00000281e1254000 JavaThread "Memory manager" [_thread_blocked, id=16352, stack(0x000000a79ed00000,0x000000a79ee00000)]
  0x00000281e1255000 JavaThread "Cache worker for Build Output Cleanup Cache (E:\uti\Kelompok1PPB\android\.gradle\buildOutputCleanup)" [_thread_blocked, id=14848, stack(0x000000a79ee00000,0x000000a79ef00000)]
  0x00000281df639000 JavaThread "included builds" [_thread_blocked, id=16740, stack(0x000000a79ef00000,0x000000a79f000000)]
  0x00000281df640800 JavaThread "Cache worker for execution history cache (E:\uti\Kelompok1PPB\node_modules\react-native-gradle-plugin\.gradle\7.3.3\executionHistory)" [_thread_blocked, id=8684, stack(0x000000a79f700000,0x000000a79f800000)]
  0x00000281df63b800 JavaThread "Unconstrained build operations Thread 34" [_thread_blocked, id=11932, stack(0x000000a79f800000,0x000000a79f900000)]
  0x00000281df642000 JavaThread "Unconstrained build operations Thread 35" [_thread_blocked, id=15324, stack(0x000000a79f900000,0x000000a79fa00000)]
  0x00000281df63c800 JavaThread "Unconstrained build operations Thread 36" [_thread_blocked, id=18112, stack(0x000000a79fa00000,0x000000a79fb00000)]
  0x00000281df646000 JavaThread "Unconstrained build operations Thread 37" [_thread_blocked, id=18008, stack(0x000000a79fb00000,0x000000a79fc00000)]
  0x00000281df647800 JavaThread "Unconstrained build operations Thread 38" [_thread_blocked, id=16256, stack(0x000000a79fc00000,0x000000a79fd00000)]
  0x00000281df643000 JavaThread "Unconstrained build operations Thread 39" [_thread_blocked, id=12492, stack(0x000000a79fd00000,0x000000a79fe00000)]
  0x00000281df643800 JavaThread "Unconstrained build operations Thread 40" [_thread_blocked, id=12688, stack(0x000000a79fe00000,0x000000a79ff00000)]
  0x00000281df647000 JavaThread "Unconstrained build operations Thread 41" [_thread_blocked, id=12480, stack(0x000000a79ff00000,0x000000a7a0000000)]
  0x00000281df645000 JavaThread "Unconstrained build operations Thread 42" [_thread_blocked, id=14956, stack(0x000000a7a0000000,0x000000a7a0100000)]
  0x00000281df644800 JavaThread "Unconstrained build operations Thread 43" [_thread_blocked, id=7556, stack(0x000000a7a0100000,0x000000a7a0200000)]
  0x00000281e4d11800 JavaThread "Unconstrained build operations Thread 44" [_thread_blocked, id=18128, stack(0x000000a7a0200000,0x000000a7a0300000)]
  0x00000281e4d13000 JavaThread "Unconstrained build operations Thread 45" [_thread_blocked, id=8872, stack(0x000000a7a0300000,0x000000a7a0400000)]
  0x00000281e4d0d800 JavaThread "Unconstrained build operations Thread 46" [_thread_blocked, id=2944, stack(0x000000a7a0400000,0x000000a7a0500000)]
  0x00000281e4d0f800 JavaThread "Unconstrained build operations Thread 47" [_thread_blocked, id=20208, stack(0x000000a7a0500000,0x000000a7a0600000)]
  0x00000281e4d12000 JavaThread "Unconstrained build operations Thread 48" [_thread_blocked, id=9528, stack(0x000000a7a0600000,0x000000a7a0700000)]
  0x00000281e4d14000 JavaThread "Unconstrained build operations Thread 49" [_thread_blocked, id=18892, stack(0x000000a7a0700000,0x000000a7a0800000)]
  0x00000281e4d0e000 JavaThread "Unconstrained build operations Thread 50" [_thread_blocked, id=8080, stack(0x000000a7a0800000,0x000000a7a0900000)]
  0x00000281e4d14800 JavaThread "Unconstrained build operations Thread 51" [_thread_blocked, id=12704, stack(0x000000a7a0900000,0x000000a7a0a00000)]
  0x00000281e4d10800 JavaThread "Unconstrained build operations Thread 52" [_thread_blocked, id=10340, stack(0x000000a7a0a00000,0x000000a7a0b00000)]
  0x00000281e4d0f000 JavaThread "Unconstrained build operations Thread 53" [_thread_blocked, id=16092, stack(0x000000a7a0b00000,0x000000a7a0c00000)]
  0x00000281e4d18800 JavaThread "Unconstrained build operations Thread 54" [_thread_blocked, id=18144, stack(0x000000a7a0c00000,0x000000a7a0d00000)]
  0x00000281e4d19800 JavaThread "Unconstrained build operations Thread 55" [_thread_blocked, id=9164, stack(0x000000a7a0d00000,0x000000a7a0e00000)]
  0x00000281e4d16000 JavaThread "RMI Scheduler(0)" daemon [_thread_blocked, id=4268, stack(0x000000a7a0e00000,0x000000a7a0f00000)]
  0x00000281e4d1a800 JavaThread "RMI GC Daemon" daemon [_thread_blocked, id=18508, stack(0x000000a7a1000000,0x000000a7a1100000)]
  0x00000281e4d1b000 JavaThread "RMI TCP Accept-0" daemon [_thread_in_native, id=6108, stack(0x000000a7a1100000,0x000000a7a1200000)]
  0x00000281e4d15800 JavaThread "RMI Reaper" [_thread_blocked, id=3132, stack(0x000000a7a1200000,0x000000a7a1300000)]
  0x00000281e4d1c000 JavaThread "RMI TCP Connection(idle)" daemon [_thread_blocked, id=7224, stack(0x000000a7a1300000,0x000000a7a1400000)]
  0x00000281e4d18000 JavaThread "Cache worker for Java compile cache (C:\Users\user\.gradle\caches\7.3.3\javaCompile)" [_thread_blocked, id=14888, stack(0x000000a7a1400000,0x000000a7a1500000)]
  0x00000281e4d17000 JavaThread "Build operations" [_thread_blocked, id=4300, stack(0x000000a7a0f00000,0x000000a7a1000000)]
  0x00000281e3211000 JavaThread "Build operations Thread 2" [_thread_blocked, id=19012, stack(0x000000a7a1500000,0x000000a7a1600000)]
  0x00000281e3212000 JavaThread "Build operations Thread 3" [_thread_blocked, id=18204, stack(0x000000a7a1600000,0x000000a7a1700000)]
  0x00000281e3213000 JavaThread "Build operations Thread 4" [_thread_blocked, id=8792, stack(0x000000a7a1700000,0x000000a7a1800000)]
  0x00000281e3210800 JavaThread "Build operations Thread 5" [_thread_blocked, id=8880, stack(0x000000a7a1800000,0x000000a7a1900000)]
  0x00000281e3213800 JavaThread "Build operations Thread 6" [_thread_blocked, id=10076, stack(0x000000a7a1900000,0x000000a7a1a00000)]
  0x00000281e3214800 JavaThread "Build operations Thread 7" [_thread_blocked, id=14404, stack(0x000000a7a1a00000,0x000000a7a1b00000)]
  0x00000281e3215800 JavaThread "Build operations Thread 8" [_thread_blocked, id=19708, stack(0x000000a7a1b00000,0x000000a7a1c00000)]
  0x00000281e320f800 JavaThread "Unconstrained build operations Thread 56" [_thread_blocked, id=11108, stack(0x000000a79f000000,0x000000a79f100000)]
  0x00000281e3217800 JavaThread "Unconstrained build operations Thread 57" [_thread_blocked, id=1768, stack(0x000000a79f100000,0x000000a79f200000)]
  0x00000281e3219800 JavaThread "Unconstrained build operations Thread 58" [_thread_blocked, id=6636, stack(0x000000a79f200000,0x000000a79f300000)]
  0x00000281e3216000 JavaThread "Unconstrained build operations Thread 59" [_thread_blocked, id=9720, stack(0x000000a79f300000,0x000000a79f400000)]
  0x00000281e321a000 JavaThread "Unconstrained build operations Thread 60" [_thread_blocked, id=4612, stack(0x000000a79f400000,0x000000a79f500000)]
  0x00000281e321b000 JavaThread "Unconstrained build operations Thread 61" [_thread_blocked, id=18464, stack(0x000000a79f500000,0x000000a79f600000)]
  0x00000281e321c000 JavaThread "Unconstrained build operations Thread 62" [_thread_blocked, id=13332, stack(0x000000a79f600000,0x000000a79f700000)]
  0x00000281e3218800 JavaThread "Unconstrained build operations Thread 63" [_thread_blocked, id=16012, stack(0x000000a7a1e00000,0x000000a7a1f00000)]
  0x00000281e321c800 JavaThread "Unconstrained build operations Thread 64" [_thread_blocked, id=3788, stack(0x000000a7a1f00000,0x000000a7a2000000)]
  0x00000281e3217000 JavaThread "Unconstrained build operations Thread 65" [_thread_blocked, id=10200, stack(0x000000a7a2000000,0x000000a7a2100000)]
  0x00000281e321d800 JavaThread "Unconstrained build operations Thread 66" [_thread_blocked, id=18940, stack(0x000000a7a2100000,0x000000a7a2200000)]
  0x00000281e321e000 JavaThread "Unconstrained build operations Thread 67" [_thread_blocked, id=13360, stack(0x000000a7a2200000,0x000000a7a2300000)]
  0x00000281df63a000 JavaThread "Unconstrained build operations Thread 68" [_thread_blocked, id=5452, stack(0x000000a7a2300000,0x000000a7a2400000)]
  0x00000281df63f800 JavaThread "Unconstrained build operations Thread 69" [_thread_blocked, id=13788, stack(0x000000a7a2400000,0x000000a7a2500000)]
  0x00000281df63a800 JavaThread "Unconstrained build operations Thread 70" [_thread_blocked, id=20176, stack(0x000000a7a2500000,0x000000a7a2600000)]
  0x00000281df641000 JavaThread "Unconstrained build operations Thread 71" [_thread_blocked, id=11600, stack(0x000000a7a2600000,0x000000a7a2700000)]
  0x00000281df63d000 JavaThread "Unconstrained build operations Thread 72" [_thread_blocked, id=17708, stack(0x000000a7a2700000,0x000000a7a2800000)]
  0x00000281df63e800 JavaThread "Unconstrained build operations Thread 73" [_thread_blocked, id=16432, stack(0x000000a7a2800000,0x000000a7a2900000)]
  0x00000281df63e000 JavaThread "Unconstrained build operations Thread 74" [_thread_blocked, id=3196, stack(0x000000a7a2900000,0x000000a7a2a00000)]
  0x00000281e65c4000 JavaThread "Unconstrained build operations Thread 75" [_thread_blocked, id=18148, stack(0x000000a7a2a00000,0x000000a7a2b00000)]
  0x00000281e65c7000 JavaThread "Unconstrained build operations Thread 76" [_thread_blocked, id=17776, stack(0x000000a7a2b00000,0x000000a7a2c00000)]
  0x00000281e65c4800 JavaThread "Unconstrained build operations Thread 77" [_thread_blocked, id=19068, stack(0x000000a7a2c00000,0x000000a7a2d00000)]
  0x00000281e65c5800 JavaThread "Unconstrained build operations Thread 78" [_thread_blocked, id=11728, stack(0x000000a7a2d00000,0x000000a7a2e00000)]
  0x00000281e65c8800 JavaThread "Unconstrained build operations Thread 79" [_thread_blocked, id=4552, stack(0x000000a7a2e00000,0x000000a7a2f00000)]
  0x00000281e65c6800 JavaThread "Unconstrained build operations Thread 80" [_thread_blocked, id=19100, stack(0x000000a7a2f00000,0x000000a7a3000000)]

Other Threads:
=>0x00000281dddf2000 VMThread "VM Thread" [stack: 0x000000a799b00000,0x000000a799c00000] [id=20432]
  0x00000281de8e5800 WatcherThread [stack: 0x000000a79a500000,0x000000a79a600000] [id=14692]
  0x00000281bed90800 GCTaskThread "GC Thread#0" [stack: 0x000000a799600000,0x000000a799700000] [id=8672]
  0x00000281df6e0000 GCTaskThread "GC Thread#1" [stack: 0x000000a79a600000,0x000000a79a700000] [id=5664]
  0x00000281df915800 GCTaskThread "GC Thread#2" [stack: 0x000000a79a800000,0x000000a79a900000] [id=20284]
  0x00000281dff6e800 GCTaskThread "GC Thread#3" [stack: 0x000000a79a900000,0x000000a79aa00000] [id=11016]
  0x00000281e09c0800 GCTaskThread "GC Thread#4" [stack: 0x000000a79b300000,0x000000a79b400000] [id=10628]
  0x00000281e098e000 GCTaskThread "GC Thread#5" [stack: 0x000000a79b400000,0x000000a79b500000] [id=14596]
  0x00000281e07ae000 GCTaskThread "GC Thread#6" [stack: 0x000000a79b500000,0x000000a79b600000] [id=3712]
  0x00000281e09fc800 GCTaskThread "GC Thread#7" [stack: 0x000000a79b600000,0x000000a79b700000] [id=18592]
  0x00000281bedc4000 ConcurrentGCThread "G1 Main Marker" [stack: 0x000000a799700000,0x000000a799800000] [id=19544]
  0x00000281bedc6000 ConcurrentGCThread "G1 Conc#0" [stack: 0x000000a799800000,0x000000a799900000] [id=3728]
  0x00000281e028b800 ConcurrentGCThread "G1 Conc#1" [stack: 0x000000a79ba00000,0x000000a79bb00000] [id=1448]
  0x00000281bee33000 ConcurrentGCThread "G1 Refine#0" [stack: 0x000000a799900000,0x000000a799a00000] [id=2200]
  0x00000281e6b13800 ConcurrentGCThread "G1 Refine#1" [stack: 0x000000a7a1c00000,0x000000a7a1d00000] [id=16140]
  0x00000281e6881800 ConcurrentGCThread "G1 Refine#2" [stack: 0x000000a7a1d00000,0x000000a7a1e00000] [id=18964]
  0x00000281bee34000 ConcurrentGCThread "G1 Young RemSet Sampling" [stack: 0x000000a799a00000,0x000000a799b00000] [id=19588]

Threads with active compile tasks:
C2 CompilerThread0  1311980 11896   !   4       java.util.zip.ZipFile::getInputStream (323 bytes)

VM state:at safepoint (normal execution)

VM Mutex/Monitor currently owned by a thread:  ([mutex/lock_event])
[0x00000281bed73e00] Threads_lock - owner thread: 0x00000281dddf2000
[0x00000281bed740d0] Heap_lock - owner thread: 0x00000281e274e000

Heap address: 0x0000000080000000, size: 2048 MB, Compressed Oops mode: 32-bit
Narrow klass base: 0x0000000000000000, Narrow klass shift: 3
Compressed class space size: 528482304 Address: 0x0000000100000000

Heap:
 garbage-first heap   total 633856K, used 117475K [0x0000000080000000, 0x0000000100000000)
  region size 1024K, 5 young (5120K), 5 survivors (5120K)
 Metaspace       used 88485K, capacity 91302K, committed 91440K, reserved 595968K
  class space    used 11287K, capacity 12371K, committed 12416K, reserved 516096K
Heap Regions: E=young(eden), S=young(survivor), O=old, HS=humongous(starts), HC=humongous(continues), CS=collection set, F=free, A=archive, TAMS=top-at-mark-start (previous, next)
|   0|0x0000000080000000, 0x0000000080100000, 0x0000000080100000|100%| O|  |TAMS 0x0000000080100000, 0x0000000080000000| Untracked 
|   1|0x0000000080100000, 0x0000000080200000, 0x0000000080200000|100%| O|  |TAMS 0x0000000080200000, 0x0000000080100000| Untracked 
|   2|0x0000000080200000, 0x0000000080300000, 0x0000000080300000|100%| O|  |TAMS 0x0000000080300000, 0x0000000080200000| Untracked 
|   3|0x0000000080300000, 0x0000000080400000, 0x0000000080400000|100%|HS|  |TAMS 0x0000000080400000, 0x0000000080300000| Complete 
|   4|0x0000000080400000, 0x0000000080500000, 0x0000000080500000|100%|HC|  |TAMS 0x0000000080500000, 0x0000000080400000| Complete 
|   5|0x0000000080500000, 0x0000000080600000, 0x0000000080600000|100%|HC|  |TAMS 0x0000000080600000, 0x0000000080500000| Complete 
|   6|0x0000000080600000, 0x0000000080700000, 0x0000000080700000|100%| O|  |TAMS 0x0000000080700000, 0x0000000080600000| Untracked 
|   7|0x0000000080700000, 0x0000000080800000, 0x0000000080800000|100%| O|  |TAMS 0x0000000080800000, 0x0000000080700000| Untracked 
|   8|0x0000000080800000, 0x0000000080900000, 0x0000000080900000|100%| O|  |TAMS 0x0000000080900000, 0x0000000080800000| Untracked 
|   9|0x0000000080900000, 0x0000000080a00000, 0x0000000080a00000|100%| O|  |TAMS 0x0000000080a00000, 0x0000000080900000| Complete 
|  10|0x0000000080a00000, 0x0000000080b00000, 0x0000000080b00000|100%| O|  |TAMS 0x0000000080b00000, 0x0000000080a00000| Untracked 
|  11|0x0000000080b00000, 0x0000000080c00000, 0x0000000080c00000|100%| O|  |TAMS 0x0000000080c00000, 0x0000000080b00000| Untracked 
|  12|0x0000000080c00000, 0x0000000080d00000, 0x0000000080d00000|100%| O|  |TAMS 0x0000000080d00000, 0x0000000080c00000| Complete 
|  13|0x0000000080d00000, 0x0000000080e00000, 0x0000000080e00000|100%| O|  |TAMS 0x0000000080e00000, 0x0000000080d00000| Untracked 
|  14|0x0000000080e00000, 0x0000000080f00000, 0x0000000080f00000|100%| O|  |TAMS 0x0000000080f00000, 0x0000000080e00000| Untracked 
|  15|0x0000000080f00000, 0x0000000081000000, 0x0000000081000000|100%| O|  |TAMS 0x0000000081000000, 0x0000000080f00000| Untracked 
|  16|0x0000000081000000, 0x0000000081100000, 0x0000000081100000|100%| O|  |TAMS 0x0000000081100000, 0x0000000081000000| Complete 
|  17|0x0000000081100000, 0x0000000081200000, 0x0000000081200000|100%| O|  |TAMS 0x0000000081200000, 0x0000000081100000| Untracked 
|  18|0x0000000081200000, 0x0000000081300000, 0x0000000081300000|100%| O|  |TAMS 0x0000000081300000, 0x0000000081200000| Complete 
|  19|0x0000000081300000, 0x0000000081400000, 0x0000000081400000|100%| O|  |TAMS 0x0000000081400000, 0x0000000081300000| Untracked 
|  20|0x0000000081400000, 0x0000000081500000, 0x0000000081500000|100%| O|  |TAMS 0x0000000081500000, 0x0000000081400000| Complete 
|  21|0x0000000081500000, 0x0000000081600000, 0x0000000081600000|100%| O|  |TAMS 0x0000000081600000, 0x0000000081500000| Complete 
|  22|0x0000000081600000, 0x0000000081700000, 0x0000000081700000|100%| O|  |TAMS 0x0000000081700000, 0x0000000081600000| Untracked 
|  23|0x0000000081700000, 0x0000000081800000, 0x0000000081800000|100%| O|  |TAMS 0x0000000081800000, 0x0000000081700000| Complete 
|  24|0x0000000081800000, 0x0000000081900000, 0x0000000081900000|100%| O|  |TAMS 0x0000000081900000, 0x0000000081800000| Untracked 
|  25|0x0000000081900000, 0x0000000081a00000, 0x0000000081a00000|100%| O|  |TAMS 0x0000000081a00000, 0x0000000081900000| Untracked 
|  26|0x0000000081a00000, 0x0000000081b00000, 0x0000000081b00000|100%| O|  |TAMS 0x0000000081b00000, 0x0000000081a00000| Untracked 
|  27|0x0000000081b00000, 0x0000000081c00000, 0x0000000081c00000|100%| O|  |TAMS 0x0000000081c00000, 0x0000000081b00000| Complete 
|  28|0x0000000081c00000, 0x0000000081d00000, 0x0000000081d00000|100%| O|  |TAMS 0x0000000081d00000, 0x0000000081c00000| Untracked 
|  29|0x0000000081d00000, 0x0000000081e00000, 0x0000000081e00000|100%| O|  |TAMS 0x0000000081e00000, 0x0000000081d00000| Untracked 
|  30|0x0000000081e00000, 0x0000000081f00000, 0x0000000081f00000|100%| O|  |TAMS 0x0000000081f00000, 0x0000000081e00000| Complete 
|  31|0x0000000081f00000, 0x0000000082000000, 0x0000000082000000|100%| O|  |TAMS 0x0000000082000000, 0x0000000081f00000| Untracked 
|  32|0x0000000082000000, 0x0000000082100000, 0x0000000082100000|100%| O|  |TAMS 0x0000000082100000, 0x0000000082000000| Untracked 
|  33|0x0000000082100000, 0x0000000082200000, 0x0000000082200000|100%| O|  |TAMS 0x0000000082200000, 0x0000000082100000| Untracked 
|  34|0x0000000082200000, 0x0000000082300000, 0x0000000082300000|100%| O|  |TAMS 0x0000000082300000, 0x0000000082200000| Complete 
|  35|0x0000000082300000, 0x0000000082400000, 0x0000000082400000|100%| O|  |TAMS 0x0000000082400000, 0x0000000082300000| Untracked 
|  36|0x0000000082400000, 0x0000000082500000, 0x0000000082500000|100%|HS|  |TAMS 0x0000000082500000, 0x0000000082400000| Complete 
|  37|0x0000000082500000, 0x0000000082600000, 0x0000000082600000|100%|HS|  |TAMS 0x0000000082600000, 0x0000000082500000| Complete 
|  38|0x0000000082600000, 0x0000000082700000, 0x0000000082700000|100%|HC|  |TAMS 0x0000000082700000, 0x0000000082600000| Complete 
|  39|0x0000000082700000, 0x0000000082800000, 0x0000000082800000|100%|HC|  |TAMS 0x0000000082800000, 0x0000000082700000| Complete 
|  40|0x0000000082800000, 0x0000000082900000, 0x0000000082900000|100%| O|  |TAMS 0x0000000082900000, 0x0000000082800000| Untracked 
|  41|0x0000000082900000, 0x0000000082a00000, 0x0000000082a00000|100%| O|  |TAMS 0x0000000082a00000, 0x0000000082900000| Untracked 
|  42|0x0000000082a00000, 0x0000000082b00000, 0x0000000082b00000|100%| O|  |TAMS 0x0000000082b00000, 0x0000000082a00000| Untracked 
|  43|0x0000000082b00000, 0x0000000082c00000, 0x0000000082c00000|100%| O|  |TAMS 0x0000000082c00000, 0x0000000082b00000| Untracked 
|  44|0x0000000082c00000, 0x0000000082d00000, 0x0000000082d00000|100%| O|  |TAMS 0x0000000082d00000, 0x0000000082c00000| Untracked 
|  45|0x0000000082d00000, 0x0000000082e00000, 0x0000000082e00000|100%| O|  |TAMS 0x0000000082e00000, 0x0000000082d00000| Untracked 
|  46|0x0000000082e00000, 0x0000000082f00000, 0x0000000082f00000|100%| O|  |TAMS 0x0000000082f00000, 0x0000000082e00000| Untracked 
|  47|0x0000000082f00000, 0x0000000083000000, 0x0000000083000000|100%| O|  |TAMS 0x0000000083000000, 0x0000000082f00000| Untracked 
|  48|0x0000000083000000, 0x0000000083100000, 0x0000000083100000|100%| O|  |TAMS 0x0000000083100000, 0x0000000083000000| Untracked 
|  49|0x0000000083100000, 0x0000000083200000, 0x0000000083200000|100%| O|  |TAMS 0x0000000083200000, 0x0000000083100000| Untracked 
|  50|0x0000000083200000, 0x0000000083300000, 0x0000000083300000|100%| O|  |TAMS 0x0000000083300000, 0x0000000083200000| Untracked 
|  51|0x0000000083300000, 0x0000000083400000, 0x0000000083400000|100%| O|  |TAMS 0x0000000083400000, 0x0000000083300000| Untracked 
|  52|0x0000000083400000, 0x0000000083500000, 0x0000000083500000|100%| O|  |TAMS 0x0000000083500000, 0x0000000083400000| Untracked 
|  53|0x0000000083500000, 0x0000000083600000, 0x0000000083600000|100%| O|  |TAMS 0x0000000083600000, 0x0000000083500000| Untracked 
|  54|0x0000000083600000, 0x0000000083700000, 0x0000000083700000|100%| O|  |TAMS 0x0000000083700000, 0x0000000083600000| Untracked 
|  55|0x0000000083700000, 0x0000000083800000, 0x0000000083800000|100%|HS|  |TAMS 0x0000000083700000, 0x0000000083700000| Complete 
|  56|0x0000000083800000, 0x0000000083900000, 0x0000000083900000|100%| O|  |TAMS 0x0000000083800000, 0x0000000083800000| Untracked 
|  57|0x0000000083900000, 0x0000000083a00000, 0x0000000083a00000|100%| O|  |TAMS 0x0000000083900000, 0x0000000083900000| Untracked 
|  58|0x0000000083a00000, 0x0000000083b00000, 0x0000000083b00000|100%| O|  |TAMS 0x0000000083a00000, 0x0000000083a00000| Untracked 
|  59|0x0000000083b00000, 0x0000000083c00000, 0x0000000083c00000|100%| O|  |TAMS 0x0000000083b00000, 0x0000000083b00000| Untracked 
|  60|0x0000000083c00000, 0x0000000083d00000, 0x0000000083d00000|100%| O|  |TAMS 0x0000000083d00000, 0x0000000083c00000| Complete 
|  61|0x0000000083d00000, 0x0000000083e00000, 0x0000000083e00000|100%| O|  |TAMS 0x0000000083e00000, 0x0000000083d00000| Complete 
|  62|0x0000000083e00000, 0x0000000083f00000, 0x0000000083f00000|100%| O|  |TAMS 0x0000000083f00000, 0x0000000083e00000| Complete 
|  63|0x0000000083f00000, 0x0000000084000000, 0x0000000084000000|100%| O|  |TAMS 0x0000000084000000, 0x0000000083f00000| Complete 
|  64|0x0000000084000000, 0x0000000084100000, 0x0000000084100000|100%| O|  |TAMS 0x0000000084100000, 0x0000000084000000| Complete 
|  65|0x0000000084100000, 0x0000000084200000, 0x0000000084200000|100%| O|  |TAMS 0x0000000084200000, 0x0000000084100000| Complete 
|  66|0x0000000084200000, 0x0000000084300000, 0x0000000084300000|100%| O|  |TAMS 0x0000000084300000, 0x0000000084200000| Complete 
|  67|0x0000000084300000, 0x0000000084400000, 0x0000000084400000|100%| O|  |TAMS 0x0000000084300000, 0x0000000084300000| Untracked 
|  68|0x0000000084400000, 0x0000000084500000, 0x0000000084500000|100%| O|  |TAMS 0x0000000084500000, 0x0000000084400000| Complete 
|  69|0x0000000084500000, 0x0000000084600000, 0x0000000084600000|100%| O|  |TAMS 0x0000000084500000, 0x0000000084500000| Untracked 
|  70|0x0000000084600000, 0x0000000084700000, 0x0000000084700000|100%| O|  |TAMS 0x0000000084700000, 0x0000000084600000| Complete 
|  71|0x0000000084700000, 0x0000000084800000, 0x0000000084800000|100%| O|  |TAMS 0x0000000084800000, 0x0000000084700000| Complete 
|  72|0x0000000084800000, 0x0000000084900000, 0x0000000084900000|100%| O|  |TAMS 0x0000000084900000, 0x0000000084800000| Complete 
|  73|0x0000000084900000, 0x0000000084a00000, 0x0000000084a00000|100%| O|  |TAMS 0x0000000084a00000, 0x0000000084900000| Complete 
|  74|0x0000000084a00000, 0x0000000084b00000, 0x0000000084b00000|100%| O|  |TAMS 0x0000000084b00000, 0x0000000084a00000| Complete 
|  75|0x0000000084b00000, 0x0000000084c00000, 0x0000000084c00000|100%| O|  |TAMS 0x0000000084c00000, 0x0000000084b00000| Complete 
|  76|0x0000000084c00000, 0x0000000084d00000, 0x0000000084d00000|100%| O|  |TAMS 0x0000000084c00000, 0x0000000084c00000| Untracked 
|  77|0x0000000084d00000, 0x0000000084e00000, 0x0000000084e00000|100%| O|  |TAMS 0x0000000084e00000, 0x0000000084d00000| Untracked 
|  78|0x0000000084e00000, 0x0000000084f00000, 0x0000000084f00000|100%| O|  |TAMS 0x0000000084f00000, 0x0000000084e00000| Untracked 
|  79|0x0000000084f00000, 0x0000000085000000, 0x0000000085000000|100%| O|  |TAMS 0x0000000085000000, 0x0000000084f00000| Untracked 
|  80|0x0000000085000000, 0x0000000085100000, 0x0000000085100000|100%| O|  |TAMS 0x0000000085100000, 0x0000000085000000| Untracked 
|  81|0x0000000085100000, 0x0000000085200000, 0x0000000085200000|100%| O|  |TAMS 0x0000000085200000, 0x0000000085100000| Complete 
|  82|0x0000000085200000, 0x0000000085300000, 0x0000000085300000|100%| O|  |TAMS 0x0000000085300000, 0x0000000085200000| Complete 
|  83|0x0000000085300000, 0x0000000085400000, 0x0000000085400000|100%| O|  |TAMS 0x0000000085400000, 0x0000000085300000| Complete 
|  84|0x0000000085400000, 0x0000000085500000, 0x0000000085500000|100%| O|  |TAMS 0x0000000085500000, 0x0000000085400000| Complete 
|  85|0x0000000085500000, 0x0000000085600000, 0x0000000085600000|100%| O|  |TAMS 0x0000000085600000, 0x0000000085500000| Complete 
|  86|0x0000000085600000, 0x0000000085700000, 0x0000000085700000|100%| O|  |TAMS 0x0000000085700000, 0x0000000085600000| Complete 
|  87|0x0000000085700000, 0x00000000857b8c00, 0x0000000085800000| 72%| O|  |TAMS 0x0000000085700000, 0x0000000085700000| Untracked 
|  88|0x0000000085800000, 0x0000000085800000, 0x0000000085900000|  0%| F|  |TAMS 0x0000000085800000, 0x0000000085800000| Untracked 
|  89|0x0000000085900000, 0x0000000085900000, 0x0000000085a00000|  0%| F|  |TAMS 0x0000000085900000, 0x0000000085900000| Untracked 
|  90|0x0000000085a00000, 0x0000000085a00000, 0x0000000085b00000|  0%| F|  |TAMS 0x0000000085a00000, 0x0000000085a00000| Untracked 
|  91|0x0000000085b00000, 0x0000000085c00000, 0x0000000085c00000|100%| O|  |TAMS 0x0000000085c00000, 0x0000000085b00000| Complete 
|  92|0x0000000085c00000, 0x0000000085d00000, 0x0000000085d00000|100%| O|  |TAMS 0x0000000085d00000, 0x0000000085c00000| Complete 
|  93|0x0000000085d00000, 0x0000000085e00000, 0x0000000085e00000|100%| O|  |TAMS 0x0000000085e00000, 0x0000000085d00000| Complete 
|  94|0x0000000085e00000, 0x0000000085f00000, 0x0000000085f00000|100%| O|  |TAMS 0x0000000085f00000, 0x0000000085e00000| Complete 
|  95|0x0000000085f00000, 0x0000000086000000, 0x0000000086000000|100%| O|  |TAMS 0x0000000086000000, 0x0000000085f00000| Complete 
|  96|0x0000000086000000, 0x0000000086100000, 0x0000000086100000|100%| O|  |TAMS 0x0000000086100000, 0x0000000086000000| Complete 
|  97|0x0000000086100000, 0x0000000086200000, 0x0000000086200000|100%| O|  |TAMS 0x0000000086200000, 0x0000000086100000| Complete 
|  98|0x0000000086200000, 0x0000000086300000, 0x0000000086300000|100%| O|  |TAMS 0x0000000086300000, 0x0000000086200000| Complete 
|  99|0x0000000086300000, 0x0000000086400000, 0x0000000086400000|100%| O|  |TAMS 0x0000000086400000, 0x0000000086300000| Complete 
| 100|0x0000000086400000, 0x0000000086500000, 0x0000000086500000|100%| O|  |TAMS 0x0000000086500000, 0x0000000086400000| Complete 
| 101|0x0000000086500000, 0x0000000086600000, 0x0000000086600000|100%| O|  |TAMS 0x0000000086600000, 0x0000000086500000| Untracked 
| 102|0x0000000086600000, 0x0000000086700000, 0x0000000086700000|100%| O|  |TAMS 0x0000000086700000, 0x0000000086600000| Untracked 
| 103|0x0000000086700000, 0x0000000086800000, 0x0000000086800000|100%| O|  |TAMS 0x0000000086800000, 0x0000000086700000| Untracked 
| 104|0x0000000086800000, 0x0000000086900000, 0x0000000086900000|100%| O|  |TAMS 0x0000000086900000, 0x0000000086800000| Untracked 
| 105|0x0000000086900000, 0x0000000086a00000, 0x0000000086a00000|100%| O|  |TAMS 0x0000000086a00000, 0x0000000086900000| Untracked 
| 106|0x0000000086a00000, 0x0000000086b00000, 0x0000000086b00000|100%| O|  |TAMS 0x0000000086b00000, 0x0000000086a00000| Complete 
| 107|0x0000000086b00000, 0x0000000086b00000, 0x0000000086c00000|  0%| F|  |TAMS 0x0000000086b00000, 0x0000000086b00000| Untracked 
| 108|0x0000000086c00000, 0x0000000086d00000, 0x0000000086d00000|100%| O|  |TAMS 0x0000000086d00000, 0x0000000086c00000| Complete 
| 109|0x0000000086d00000, 0x0000000086e00000, 0x0000000086e00000|100%| O|  |TAMS 0x0000000086e00000, 0x0000000086d00000| Untracked 
| 110|0x0000000086e00000, 0x0000000086f00000, 0x0000000086f00000|100%| O|  |TAMS 0x0000000086f00000, 0x0000000086e00000| Untracked 
| 111|0x0000000086f00000, 0x0000000087000000, 0x0000000087000000|100%| O|  |TAMS 0x0000000087000000, 0x0000000086f00000| Untracked 
| 112|0x0000000087000000, 0x0000000087100000, 0x0000000087100000|100%| O|  |TAMS 0x00000000870bb000, 0x0000000087000000| Untracked 
| 113|0x0000000087100000, 0x0000000087200000, 0x0000000087200000|100%|HS|  |TAMS 0x0000000087100000, 0x0000000087100000| Complete 
| 114|0x0000000087200000, 0x0000000087200000, 0x0000000087300000|  0%| F|  |TAMS 0x0000000087200000, 0x0000000087200000| Untracked 
| 115|0x0000000087300000, 0x0000000087300000, 0x0000000087400000|  0%| F|  |TAMS 0x0000000087300000, 0x0000000087300000| Untracked 
| 116|0x0000000087400000, 0x0000000087400000, 0x0000000087500000|  0%| F|  |TAMS 0x0000000087400000, 0x0000000087400000| Untracked 
| 117|0x0000000087500000, 0x0000000087500000, 0x0000000087600000|  0%| F|  |TAMS 0x0000000087500000, 0x0000000087500000| Untracked 
| 118|0x0000000087600000, 0x0000000087600000, 0x0000000087700000|  0%| F|  |TAMS 0x0000000087600000, 0x0000000087600000| Untracked 
| 119|0x0000000087700000, 0x0000000087700000, 0x0000000087800000|  0%| F|  |TAMS 0x0000000087700000, 0x0000000087700000| Untracked 
| 120|0x0000000087800000, 0x0000000087800000, 0x0000000087900000|  0%| F|  |TAMS 0x0000000087800000, 0x0000000087800000| Untracked 
| 121|0x0000000087900000, 0x0000000087900000, 0x0000000087a00000|  0%| F|  |TAMS 0x0000000087900000, 0x0000000087900000| Untracked 
| 122|0x0000000087a00000, 0x0000000087a00000, 0x0000000087b00000|  0%| F|  |TAMS 0x0000000087a00000, 0x0000000087a00000| Untracked 
| 123|0x0000000087b00000, 0x0000000087b00000, 0x0000000087c00000|  0%| F|  |TAMS 0x0000000087b00000, 0x0000000087b00000| Untracked 
| 124|0x0000000087c00000, 0x0000000087c00000, 0x0000000087d00000|  0%| F|  |TAMS 0x0000000087c00000, 0x0000000087c00000| Untracked 
| 125|0x0000000087d00000, 0x0000000087d00000, 0x0000000087e00000|  0%| F|  |TAMS 0x0000000087d00000, 0x0000000087d00000| Untracked 
| 126|0x0000000087e00000, 0x0000000087e00000, 0x0000000087f00000|  0%| F|  |TAMS 0x0000000087e00000, 0x0000000087e00000| Untracked 
| 127|0x0000000087f00000, 0x0000000087f00000, 0x0000000088000000|  0%| F|  |TAMS 0x0000000087f00000, 0x0000000087f00000| Untracked 
| 128|0x0000000088000000, 0x0000000088000000, 0x0000000088100000|  0%| F|  |TAMS 0x0000000088000000, 0x0000000088000000| Untracked 
| 129|0x0000000088100000, 0x0000000088100000, 0x0000000088200000|  0%| F|  |TAMS 0x0000000088100000, 0x0000000088100000| Untracked 
| 130|0x0000000088200000, 0x0000000088200000, 0x0000000088300000|  0%| F|  |TAMS 0x0000000088200000, 0x0000000088200000| Untracked 
| 131|0x0000000088300000, 0x0000000088300000, 0x0000000088400000|  0%| F|  |TAMS 0x0000000088300000, 0x0000000088300000| Untracked 
| 132|0x0000000088400000, 0x0000000088400000, 0x0000000088500000|  0%| F|  |TAMS 0x0000000088400000, 0x0000000088400000| Untracked 
| 133|0x0000000088500000, 0x0000000088500000, 0x0000000088600000|  0%| F|  |TAMS 0x0000000088500000, 0x0000000088500000| Untracked 
| 134|0x0000000088600000, 0x0000000088600000, 0x0000000088700000|  0%| F|  |TAMS 0x0000000088600000, 0x0000000088600000| Untracked 
| 135|0x0000000088700000, 0x0000000088700000, 0x0000000088800000|  0%| F|  |TAMS 0x0000000088700000, 0x0000000088700000| Untracked 
| 136|0x0000000088800000, 0x0000000088800000, 0x0000000088900000|  0%| F|  |TAMS 0x0000000088800000, 0x0000000088800000| Untracked 
| 137|0x0000000088900000, 0x0000000088900000, 0x0000000088a00000|  0%| F|  |TAMS 0x0000000088900000, 0x0000000088900000| Untracked 
| 138|0x0000000088a00000, 0x0000000088a00000, 0x0000000088b00000|  0%| F|  |TAMS 0x0000000088a00000, 0x0000000088a00000| Untracked 
| 139|0x0000000088b00000, 0x0000000088b00000, 0x0000000088c00000|  0%| F|  |TAMS 0x0000000088b00000, 0x0000000088b00000| Untracked 
| 140|0x0000000088c00000, 0x0000000088c00000, 0x0000000088d00000|  0%| F|  |TAMS 0x0000000088c00000, 0x0000000088c00000| Untracked 
| 141|0x0000000088d00000, 0x0000000088d00000, 0x0000000088e00000|  0%| F|  |TAMS 0x0000000088d00000, 0x0000000088d00000| Untracked 
| 142|0x0000000088e00000, 0x0000000088e00000, 0x0000000088f00000|  0%| F|  |TAMS 0x0000000088e00000, 0x0000000088e00000| Untracked 
| 143|0x0000000088f00000, 0x0000000088f00000, 0x0000000089000000|  0%| F|  |TAMS 0x0000000088f00000, 0x0000000088f00000| Untracked 
| 144|0x0000000089000000, 0x0000000089000000, 0x0000000089100000|  0%| F|  |TAMS 0x0000000089000000, 0x0000000089000000| Untracked 
| 145|0x0000000089100000, 0x0000000089100000, 0x0000000089200000|  0%| F|  |TAMS 0x0000000089100000, 0x0000000089100000| Untracked 
| 146|0x0000000089200000, 0x0000000089200000, 0x0000000089300000|  0%| F|  |TAMS 0x0000000089200000, 0x0000000089200000| Untracked 
| 147|0x0000000089300000, 0x0000000089300000, 0x0000000089400000|  0%| F|  |TAMS 0x0000000089300000, 0x0000000089300000| Untracked 
| 148|0x0000000089400000, 0x0000000089400000, 0x0000000089500000|  0%| F|  |TAMS 0x0000000089400000, 0x0000000089400000| Untracked 
| 149|0x0000000089500000, 0x0000000089500000, 0x0000000089600000|  0%| F|  |TAMS 0x0000000089500000, 0x0000000089500000| Untracked 
| 150|0x0000000089600000, 0x0000000089600000, 0x0000000089700000|  0%| F|  |TAMS 0x0000000089600000, 0x0000000089600000| Untracked 
| 151|0x0000000089700000, 0x0000000089700000, 0x0000000089800000|  0%| F|  |TAMS 0x0000000089700000, 0x0000000089700000| Untracked 
| 152|0x0000000089800000, 0x0000000089800000, 0x0000000089900000|  0%| F|  |TAMS 0x0000000089800000, 0x0000000089800000| Untracked 
| 153|0x0000000089900000, 0x0000000089900000, 0x0000000089a00000|  0%| F|  |TAMS 0x0000000089900000, 0x0000000089900000| Untracked 
| 154|0x0000000089a00000, 0x0000000089a00000, 0x0000000089b00000|  0%| F|  |TAMS 0x0000000089a00000, 0x0000000089a00000| Untracked 
| 155|0x0000000089b00000, 0x0000000089b00000, 0x0000000089c00000|  0%| F|  |TAMS 0x0000000089b00000, 0x0000000089b00000| Untracked 
| 156|0x0000000089c00000, 0x0000000089c00000, 0x0000000089d00000|  0%| F|  |TAMS 0x0000000089c00000, 0x0000000089c00000| Untracked 
| 157|0x0000000089d00000, 0x0000000089d00000, 0x0000000089e00000|  0%| F|  |TAMS 0x0000000089d00000, 0x0000000089d00000| Untracked 
| 158|0x0000000089e00000, 0x0000000089e00000, 0x0000000089f00000|  0%| F|  |TAMS 0x0000000089e00000, 0x0000000089e00000| Untracked 
| 159|0x0000000089f00000, 0x0000000089f00000, 0x000000008a000000|  0%| F|  |TAMS 0x0000000089f00000, 0x0000000089f00000| Untracked 
| 160|0x000000008a000000, 0x000000008a000000, 0x000000008a100000|  0%| F|  |TAMS 0x000000008a000000, 0x000000008a000000| Untracked 
| 161|0x000000008a100000, 0x000000008a100000, 0x000000008a200000|  0%| F|  |TAMS 0x000000008a100000, 0x000000008a100000| Untracked 
| 162|0x000000008a200000, 0x000000008a200000, 0x000000008a300000|  0%| F|  |TAMS 0x000000008a200000, 0x000000008a200000| Untracked 
| 163|0x000000008a300000, 0x000000008a300000, 0x000000008a400000|  0%| F|  |TAMS 0x000000008a300000, 0x000000008a300000| Untracked 
| 164|0x000000008a400000, 0x000000008a400000, 0x000000008a500000|  0%| F|  |TAMS 0x000000008a400000, 0x000000008a400000| Untracked 
| 165|0x000000008a500000, 0x000000008a500000, 0x000000008a600000|  0%| F|  |TAMS 0x000000008a500000, 0x000000008a500000| Untracked 
| 166|0x000000008a600000, 0x000000008a600000, 0x000000008a700000|  0%| F|  |TAMS 0x000000008a600000, 0x000000008a600000| Untracked 
| 167|0x000000008a700000, 0x000000008a700000, 0x000000008a800000|  0%| F|  |TAMS 0x000000008a700000, 0x000000008a700000| Untracked 
| 168|0x000000008a800000, 0x000000008a800000, 0x000000008a900000|  0%| F|  |TAMS 0x000000008a800000, 0x000000008a800000| Untracked 
| 169|0x000000008a900000, 0x000000008a900000, 0x000000008aa00000|  0%| F|  |TAMS 0x000000008a900000, 0x000000008a900000| Untracked 
| 170|0x000000008aa00000, 0x000000008aa00000, 0x000000008ab00000|  0%| F|  |TAMS 0x000000008aa00000, 0x000000008aa00000| Untracked 
| 171|0x000000008ab00000, 0x000000008ab00000, 0x000000008ac00000|  0%| F|  |TAMS 0x000000008ab00000, 0x000000008ab00000| Untracked 
| 172|0x000000008ac00000, 0x000000008ac00000, 0x000000008ad00000|  0%| F|  |TAMS 0x000000008ac00000, 0x000000008ac00000| Untracked 
| 173|0x000000008ad00000, 0x000000008ad00000, 0x000000008ae00000|  0%| F|  |TAMS 0x000000008ad00000, 0x000000008ad00000| Untracked 
| 174|0x000000008ae00000, 0x000000008ae00000, 0x000000008af00000|  0%| F|  |TAMS 0x000000008ae00000, 0x000000008ae00000| Untracked 
| 175|0x000000008af00000, 0x000000008af00000, 0x000000008b000000|  0%| F|  |TAMS 0x000000008af00000, 0x000000008af00000| Untracked 
| 176|0x000000008b000000, 0x000000008b000000, 0x000000008b100000|  0%| F|  |TAMS 0x000000008b000000, 0x000000008b000000| Untracked 
| 177|0x000000008b100000, 0x000000008b100000, 0x000000008b200000|  0%| F|  |TAMS 0x000000008b100000, 0x000000008b100000| Untracked 
| 178|0x000000008b200000, 0x000000008b200000, 0x000000008b300000|  0%| F|  |TAMS 0x000000008b200000, 0x000000008b200000| Untracked 
| 179|0x000000008b300000, 0x000000008b400000, 0x000000008b400000|100%| S|CS|TAMS 0x000000008b300000, 0x000000008b300000| Complete 
| 180|0x000000008b400000, 0x000000008b500000, 0x000000008b500000|100%| S|CS|TAMS 0x000000008b400000, 0x000000008b400000| Complete 
| 181|0x000000008b500000, 0x000000008b600000, 0x000000008b600000|100%| S|CS|TAMS 0x000000008b500000, 0x000000008b500000| Complete 
| 182|0x000000008b600000, 0x000000008b700000, 0x000000008b700000|100%| S|CS|TAMS 0x000000008b600000, 0x000000008b600000| Complete 
| 183|0x000000008b700000, 0x000000008b800000, 0x000000008b800000|100%| S|CS|TAMS 0x000000008b700000, 0x000000008b700000| Complete 
| 184|0x000000008b800000, 0x000000008b800000, 0x000000008b900000|  0%| F|  |TAMS 0x000000008b800000, 0x000000008b800000| Untracked 
| 185|0x000000008b900000, 0x000000008b900000, 0x000000008ba00000|  0%| F|  |TAMS 0x000000008b900000, 0x000000008b900000| Untracked 
| 186|0x000000008ba00000, 0x000000008ba00000, 0x000000008bb00000|  0%| F|  |TAMS 0x000000008ba00000, 0x000000008ba00000| Untracked 
| 187|0x000000008bb00000, 0x000000008bb00000, 0x000000008bc00000|  0%| F|  |TAMS 0x000000008bb00000, 0x000000008bb00000| Untracked 
| 188|0x000000008bc00000, 0x000000008bc00000, 0x000000008bd00000|  0%| F|  |TAMS 0x000000008bc00000, 0x000000008bc00000| Untracked 
| 189|0x000000008bd00000, 0x000000008bd00000, 0x000000008be00000|  0%| F|  |TAMS 0x000000008bd00000, 0x000000008bd00000| Untracked 
| 190|0x000000008be00000, 0x000000008be00000, 0x000000008bf00000|  0%| F|  |TAMS 0x000000008be00000, 0x000000008be00000| Untracked 
| 191|0x000000008bf00000, 0x000000008bf00000, 0x000000008c000000|  0%| F|  |TAMS 0x000000008bf00000, 0x000000008bf00000| Untracked 
| 192|0x000000008c000000, 0x000000008c000000, 0x000000008c100000|  0%| F|  |TAMS 0x000000008c000000, 0x000000008c000000| Untracked 
| 193|0x000000008c100000, 0x000000008c100000, 0x000000008c200000|  0%| F|  |TAMS 0x000000008c100000, 0x000000008c100000| Untracked 
| 194|0x000000008c200000, 0x000000008c200000, 0x000000008c300000|  0%| F|  |TAMS 0x000000008c200000, 0x000000008c200000| Untracked 
| 195|0x000000008c300000, 0x000000008c300000, 0x000000008c400000|  0%| F|  |TAMS 0x000000008c300000, 0x000000008c300000| Untracked 
| 196|0x000000008c400000, 0x000000008c400000, 0x000000008c500000|  0%| F|  |TAMS 0x000000008c400000, 0x000000008c400000| Untracked 
| 197|0x000000008c500000, 0x000000008c500000, 0x000000008c600000|  0%| F|  |TAMS 0x000000008c500000, 0x000000008c500000| Untracked 
| 198|0x000000008c600000, 0x000000008c600000, 0x000000008c700000|  0%| F|  |TAMS 0x000000008c600000, 0x000000008c600000| Untracked 
| 199|0x000000008c700000, 0x000000008c700000, 0x000000008c800000|  0%| F|  |TAMS 0x000000008c700000, 0x000000008c700000| Untracked 
| 200|0x000000008c800000, 0x000000008c800000, 0x000000008c900000|  0%| F|  |TAMS 0x000000008c800000, 0x000000008c800000| Untracked 
| 201|0x000000008c900000, 0x000000008c900000, 0x000000008ca00000|  0%| F|  |TAMS 0x000000008c900000, 0x000000008c900000| Untracked 
| 202|0x000000008ca00000, 0x000000008ca00000, 0x000000008cb00000|  0%| F|  |TAMS 0x000000008ca00000, 0x000000008ca00000| Untracked 
| 203|0x000000008cb00000, 0x000000008cb00000, 0x000000008cc00000|  0%| F|  |TAMS 0x000000008cb00000, 0x000000008cb00000| Untracked 
| 204|0x000000008cc00000, 0x000000008cc00000, 0x000000008cd00000|  0%| F|  |TAMS 0x000000008cc00000, 0x000000008cc00000| Untracked 
| 205|0x000000008cd00000, 0x000000008cd00000, 0x000000008ce00000|  0%| F|  |TAMS 0x000000008cd00000, 0x000000008cd00000| Untracked 
| 206|0x000000008ce00000, 0x000000008ce00000, 0x000000008cf00000|  0%| F|  |TAMS 0x000000008ce00000, 0x000000008ce00000| Untracked 
| 207|0x000000008cf00000, 0x000000008cf00000, 0x000000008d000000|  0%| F|  |TAMS 0x000000008cf00000, 0x000000008cf00000| Untracked 
| 208|0x000000008d000000, 0x000000008d000000, 0x000000008d100000|  0%| F|  |TAMS 0x000000008d000000, 0x000000008d000000| Untracked 
| 209|0x000000008d100000, 0x000000008d100000, 0x000000008d200000|  0%| F|  |TAMS 0x000000008d100000, 0x000000008d100000| Untracked 
| 210|0x000000008d200000, 0x000000008d200000, 0x000000008d300000|  0%| F|  |TAMS 0x000000008d200000, 0x000000008d200000| Untracked 
| 211|0x000000008d300000, 0x000000008d300000, 0x000000008d400000|  0%| F|  |TAMS 0x000000008d300000, 0x000000008d300000| Untracked 
| 212|0x000000008d400000, 0x000000008d400000, 0x000000008d500000|  0%| F|  |TAMS 0x000000008d400000, 0x000000008d400000| Untracked 
| 213|0x000000008d500000, 0x000000008d500000, 0x000000008d600000|  0%| F|  |TAMS 0x000000008d500000, 0x000000008d500000| Untracked 
| 214|0x000000008d600000, 0x000000008d600000, 0x000000008d700000|  0%| F|  |TAMS 0x000000008d600000, 0x000000008d600000| Untracked 
| 215|0x000000008d700000, 0x000000008d700000, 0x000000008d800000|  0%| F|  |TAMS 0x000000008d700000, 0x000000008d700000| Untracked 
| 216|0x000000008d800000, 0x000000008d800000, 0x000000008d900000|  0%| F|  |TAMS 0x000000008d800000, 0x000000008d800000| Untracked 
| 217|0x000000008d900000, 0x000000008d900000, 0x000000008da00000|  0%| F|  |TAMS 0x000000008d900000, 0x000000008d900000| Untracked 
| 218|0x000000008da00000, 0x000000008da00000, 0x000000008db00000|  0%| F|  |TAMS 0x000000008da00000, 0x000000008da00000| Untracked 
| 219|0x000000008db00000, 0x000000008db00000, 0x000000008dc00000|  0%| F|  |TAMS 0x000000008db00000, 0x000000008db00000| Untracked 
| 220|0x000000008dc00000, 0x000000008dc00000, 0x000000008dd00000|  0%| F|  |TAMS 0x000000008dc00000, 0x000000008dc00000| Untracked 
| 221|0x000000008dd00000, 0x000000008dd00000, 0x000000008de00000|  0%| F|  |TAMS 0x000000008dd00000, 0x000000008dd00000| Untracked 
| 222|0x000000008de00000, 0x000000008de00000, 0x000000008df00000|  0%| F|  |TAMS 0x000000008de00000, 0x000000008de00000| Untracked 

Card table byte_map: [0x00000281d6c00000,0x00000281d7000000] _byte_map_base: 0x00000281d6800000

Marking Bits (Prev, Next): (CMBitMap*) 0x00000281bedbaf68, (CMBitMap*) 0x00000281bedbafa0
 Prev Bits: [0x00000281d7400000, 0x00000281d9400000)
 Next Bits: [0x00000281d9400000, 0x00000281db400000)

Polling page: 0x00000281bccb0000

Metaspace:

Usage:
  Non-class:     77.08 MB capacity,    75.39 MB ( 98%) used,     1.40 MB (  2%) free+waste,   298.56 KB ( <1%) overhead. 
      Class:     12.08 MB capacity,    11.02 MB ( 91%) used,   943.03 KB (  8%) free+waste,   140.50 KB (  1%) overhead. 
       Both:     89.16 MB capacity,    86.41 MB ( 97%) used,     2.32 MB (  3%) free+waste,   439.06 KB ( <1%) overhead. 

Virtual space:
  Non-class space:       78.00 MB reserved,      77.17 MB ( 99%) committed 
      Class space:      504.00 MB reserved,      12.13 MB (  2%) committed 
             Both:      582.00 MB reserved,      89.30 MB ( 15%) committed 

Chunk freelists:
   Non-Class:  29.00 KB
       Class:  13.00 KB
        Both:  42.00 KB

MaxMetaspaceSize: 512.00 MB
CompressedClassSpaceSize: 504.00 MB
Initial GC threshold: 20.80 MB
Current GC threshold: 147.79 MB
CDS: off

CodeHeap 'non-profiled nmethods': size=120000Kb used=6889Kb max_used=6889Kb free=113110Kb
 bounds [0x00000281cefa0000, 0x00000281cf660000, 0x00000281d64d0000]
CodeHeap 'profiled nmethods': size=120000Kb used=25974Kb max_used=25974Kb free=94025Kb
 bounds [0x00000281c7a70000, 0x00000281c93d0000, 0x00000281cefa0000]
CodeHeap 'non-nmethods': size=5760Kb used=2406Kb max_used=2456Kb free=3353Kb
 bounds [0x00000281c74d0000, 0x00000281c7740000, 0x00000281c7a70000]
 total_blobs=12707 nmethods=11769 adapters=850
 compilation: enabled
              stopped_count=0, restarted_count=0
 full_count=0

Compilation events (20 events):
Event: 1311.821 Thread 0x00000281dde6c800 11889       3       org.apache.tools.zip.ZipOutputStream::getEntryEncoding (36 bytes)
Event: 1311.822 Thread 0x00000281dde6c800 nmethod 11889 0x00000281c93c4f10 code [0x00000281c93c50e0, 0x00000281c93c5378]
Event: 1311.822 Thread 0x00000281dde68000 nmethod 11888 0x00000281cf658e90 code [0x00000281cf659020, 0x00000281cf659138]
Event: 1311.823 Thread 0x00000281dde6c800 11890       1       java.util.zip.ZipEntry::getName (5 bytes)
Event: 1311.823 Thread 0x00000281dde6c800 nmethod 11890 0x00000281cf659210 code [0x00000281cf6593c0, 0x00000281cf659478]
Event: 1311.823 Thread 0x00000281dde6c800 11891       3       java.util.StringTokenizer::hasMoreElements (5 bytes)
Event: 1311.824 Thread 0x00000281dde6c800 nmethod 11891 0x00000281c93c5510 code [0x00000281c93c56e0, 0x00000281c93c5908]
Event: 1311.825 Thread 0x00000281dde6c800 11892       3       org.gradle.internal.classpath.InstrumentingBackwardsCompatibilityVisitor$BackwardCompatibilityMethodVisitor::visitFieldInsn (24 bytes)
Event: 1311.825 Thread 0x00000281dde68000 11893       4       org.objectweb.asm.AnnotationWriter::putAnnotations (67 bytes)
Event: 1311.826 Thread 0x00000281dde6c800 nmethod 11892 0x00000281c93c5a10 code [0x00000281c93c5c00, 0x00000281c93c5fa8]
Event: 1311.826 Thread 0x00000281dde6c800 11895       3       java.nio.charset.Charset::lookup (44 bytes)
Event: 1311.826 Thread 0x00000281dde6c800 nmethod 11895 0x00000281c93c6190 code [0x00000281c93c6380, 0x00000281c93c67a8]
Event: 1311.827 Thread 0x00000281dde6c800 11899       3       org.objectweb.asm.ClassReader::<init> (371 bytes)
Event: 1311.829 Thread 0x00000281dde6c800 nmethod 11899 0x00000281c93c6990 code [0x00000281c93c6cc0, 0x00000281c93c83b8]
Event: 1311.834 Thread 0x00000281dde68000 nmethod 11893 0x00000281cf659510 code [0x00000281cf659740, 0x00000281cf659b68]
Event: 1311.834 Thread 0x00000281dde68000 11894       4       java.time.ZoneRegion::getRules (23 bytes)
Event: 1311.835 Thread 0x00000281dde68000 nmethod 11894 0x00000281cf65a190 code [0x00000281cf65a320, 0x00000281cf65a398]
Event: 1311.835 Thread 0x00000281dde68000 11896   !   4       java.util.zip.ZipFile::getInputStream (323 bytes)
Event: 1311.835 Thread 0x00000281dde6c800 11900       3       org.objectweb.asm.ClassReader::readField (667 bytes)
Event: 1311.840 Thread 0x00000281dde6c800 nmethod 11900 0x00000281c93c8b90 code [0x00000281c93c9140, 0x00000281c93cc1d8]

GC Heap History (20 events):
Event: 1298.133 GC heap after
{Heap after GC invocations=99 (full 0):
 garbage-first heap   total 113664K, used 99733K [0x0000000080000000, 0x0000000100000000)
  region size 1024K, 1 young (1024K), 1 survivors (1024K)
 Metaspace       used 87868K, capacity 90700K, committed 90800K, reserved 595968K
  class space    used 11225K, capacity 12284K, committed 12288K, reserved 516096K
}
Event: 1298.152 GC heap before
{Heap before GC invocations=100 (full 0):
 garbage-first heap   total 113664K, used 103829K [0x0000000080000000, 0x0000000100000000)
  region size 1024K, 5 young (5120K), 1 survivors (1024K)
 Metaspace       used 87868K, capacity 90700K, committed 90800K, reserved 595968K
  class space    used 11225K, capacity 12284K, committed 12288K, reserved 516096K
}
Event: 1298.156 GC heap after
{Heap after GC invocations=101 (full 0):
 garbage-first heap   total 113664K, used 101697K [0x0000000080000000, 0x0000000100000000)
  region size 1024K, 1 young (1024K), 1 survivors (1024K)
 Metaspace       used 87868K, capacity 90700K, committed 90800K, reserved 595968K
  class space    used 11225K, capacity 12284K, committed 12288K, reserved 516096K
}
Event: 1298.171 GC heap before
{Heap before GC invocations=101 (full 0):
 garbage-first heap   total 113664K, used 105793K [0x0000000080000000, 0x0000000100000000)
  region size 1024K, 5 young (5120K), 1 survivors (1024K)
 Metaspace       used 87868K, capacity 90700K, committed 90800K, reserved 595968K
  class space    used 11225K, capacity 12284K, committed 12288K, reserved 516096K
}
Event: 1298.177 GC heap after
{Heap after GC invocations=102 (full 0):
 garbage-first heap   total 113664K, used 91009K [0x0000000080000000, 0x0000000100000000)
  region size 1024K, 1 young (1024K), 1 survivors (1024K)
 Metaspace       used 87868K, capacity 90700K, committed 90800K, reserved 595968K
  class space    used 11225K, capacity 12284K, committed 12288K, reserved 516096K
}
Event: 1298.192 GC heap before
{Heap before GC invocations=102 (full 0):
 garbage-first heap   total 113664K, used 95105K [0x0000000080000000, 0x0000000100000000)
  region size 1024K, 5 young (5120K), 1 survivors (1024K)
 Metaspace       used 87868K, capacity 90700K, committed 90800K, reserved 595968K
  class space    used 11225K, capacity 12284K, committed 12288K, reserved 516096K
}
Event: 1298.197 GC heap after
{Heap after GC invocations=103 (full 0):
 garbage-first heap   total 113664K, used 92940K [0x0000000080000000, 0x0000000100000000)
  region size 1024K, 1 young (1024K), 1 survivors (1024K)
 Metaspace       used 87868K, capacity 90700K, committed 90800K, reserved 595968K
  class space    used 11225K, capacity 12284K, committed 12288K, reserved 516096K
}
Event: 1298.223 GC heap before
{Heap before GC invocations=103 (full 0):
 garbage-first heap   total 113664K, used 99084K [0x0000000080000000, 0x0000000100000000)
  region size 1024K, 5 young (5120K), 1 survivors (1024K)
 Metaspace       used 87868K, capacity 90700K, committed 90800K, reserved 595968K
  class space    used 11225K, capacity 12284K, committed 12288K, reserved 516096K
}
Event: 1298.228 GC heap after
{Heap after GC invocations=104 (full 0):
 garbage-first heap   total 113664K, used 96839K [0x0000000080000000, 0x0000000100000000)
  region size 1024K, 1 young (1024K), 1 survivors (1024K)
 Metaspace       used 87868K, capacity 90700K, committed 90800K, reserved 595968K
  class space    used 11225K, capacity 12284K, committed 12288K, reserved 516096K
}
Event: 1298.248 GC heap before
{Heap before GC invocations=104 (full 0):
 garbage-first heap   total 113664K, used 99911K [0x0000000080000000, 0x0000000100000000)
  region size 1024K, 5 young (5120K), 1 survivors (1024K)
 Metaspace       used 87868K, capacity 90700K, committed 90800K, reserved 595968K
  class space    used 11225K, capacity 12284K, committed 12288K, reserved 516096K
}
Event: 1298.266 GC heap after
{Heap after GC invocations=105 (full 0):
 garbage-first heap   total 113664K, used 98947K [0x0000000080000000, 0x0000000100000000)
  region size 1024K, 1 young (1024K), 1 survivors (1024K)
 Metaspace       used 87868K, capacity 90700K, committed 90800K, reserved 595968K
  class space    used 11225K, capacity 12284K, committed 12288K, reserved 516096K
}
Event: 1298.281 GC heap before
{Heap before GC invocations=105 (full 0):
 garbage-first heap   total 113664K, used 103043K [0x0000000080000000, 0x0000000100000000)
  region size 1024K, 5 young (5120K), 1 survivors (1024K)
 Metaspace       used 87868K, capacity 90700K, committed 90800K, reserved 595968K
  class space    used 11225K, capacity 12284K, committed 12288K, reserved 516096K
}
Event: 1298.288 GC heap after
{Heap after GC invocations=106 (full 0):
 garbage-first heap   total 228352K, used 100853K [0x0000000080000000, 0x0000000100000000)
  region size 1024K, 1 young (1024K), 1 survivors (1024K)
 Metaspace       used 87868K, capacity 90700K, committed 90800K, reserved 595968K
  class space    used 11225K, capacity 12284K, committed 12288K, reserved 516096K
}
Event: 1298.490 GC heap before
{Heap before GC invocations=107 (full 0):
 garbage-first heap   total 228352K, used 136693K [0x0000000080000000, 0x0000000100000000)
  region size 1024K, 36 young (36864K), 1 survivors (1024K)
 Metaspace       used 87884K, capacity 90701K, committed 90800K, reserved 595968K
  class space    used 11225K, capacity 12284K, committed 12288K, reserved 516096K
}
Event: 1298.506 GC heap after
{Heap after GC invocations=108 (full 0):
 garbage-first heap   total 228352K, used 111227K [0x0000000080000000, 0x0000000100000000)
  region size 1024K, 5 young (5120K), 5 survivors (5120K)
 Metaspace       used 87884K, capacity 90701K, committed 90800K, reserved 595968K
  class space    used 11225K, capacity 12284K, committed 12288K, reserved 516096K
}
Event: 1298.526 GC heap before
{Heap before GC invocations=108 (full 0):
 garbage-first heap   total 228352K, used 117371K [0x0000000080000000, 0x0000000100000000)
  region size 1024K, 11 young (11264K), 5 survivors (5120K)
 Metaspace       used 87884K, capacity 90701K, committed 90800K, reserved 595968K
  class space    used 11225K, capacity 12284K, committed 12288K, reserved 516096K
}
Event: 1298.535 GC heap after
{Heap after GC invocations=109 (full 0):
 garbage-first heap   total 228352K, used 112656K [0x0000000080000000, 0x0000000100000000)
  region size 1024K, 2 young (2048K), 2 survivors (2048K)
 Metaspace       used 87884K, capacity 90701K, committed 90800K, reserved 595968K
  class space    used 11225K, capacity 12284K, committed 12288K, reserved 516096K
}
Event: 1298.635 GC heap before
{Heap before GC invocations=109 (full 0):
 garbage-first heap   total 228352K, used 140304K [0x0000000080000000, 0x0000000100000000)
  region size 1024K, 30 young (30720K), 2 survivors (2048K)
 Metaspace       used 87921K, capacity 90711K, committed 90800K, reserved 595968K
  class space    used 11232K, capacity 12287K, committed 12288K, reserved 516096K
}
Event: 1298.645 GC heap after
{Heap after GC invocations=110 (full 0):
 garbage-first heap   total 228352K, used 120556K [0x0000000080000000, 0x0000000100000000)
  region size 1024K, 5 young (5120K), 5 survivors (5120K)
 Metaspace       used 87921K, capacity 90711K, committed 90800K, reserved 595968K
  class space    used 11232K, capacity 12287K, committed 12288K, reserved 516096K
}
Event: 1311.842 GC heap before
{Heap before GC invocations=111 (full 0):
 garbage-first heap   total 228352K, used 143084K [0x0000000080000000, 0x0000000100000000)
  region size 1024K, 39 young (39936K), 5 survivors (5120K)
 Metaspace       used 88485K, capacity 91302K, committed 91440K, reserved 595968K
  class space    used 11287K, capacity 12371K, committed 12416K, reserved 516096K
}

Deoptimization events (20 events):
Event: 1311.741 Thread 0x00000281e274e000 Uncommon trap: trap_request=0xffffff4d fr.pc=0x00000281cf291200 relative=0x0000000000000060
Event: 1311.741 Thread 0x00000281e274e000 Uncommon trap: reason=unstable_if action=reinterpret pc=0x00000281cf291200 method=java.util.zip.ZipFile$ZipEntryIterator.hasNext()Z @ 8 c2
Event: 1311.741 Thread 0x00000281e274e000 DEOPT PACKING pc=0x00000281cf291200 sp=0x000000a79c3fe6c0
Event: 1311.742 Thread 0x00000281e274e000 DEOPT UNPACKING pc=0x00000281c751a1af sp=0x000000a79c3fe5f8 mode 2
Event: 1311.815 Thread 0x00000281e274e000 Uncommon trap: trap_request=0xffffff4d fr.pc=0x00000281cf4ceb60 relative=0x00000000000002a0
Event: 1311.815 Thread 0x00000281e274e000 Uncommon trap: reason=unstable_if action=reinterpret pc=0x00000281cf4ceb60 method=org.objectweb.asm.Type.getTypeInternal(Ljava/lang/String;II)Lorg/objectweb/asm/Type; @ 5 c2
Event: 1311.815 Thread 0x00000281e274e000 DEOPT PACKING pc=0x00000281cf4ceb60 sp=0x000000a79c3fd980
Event: 1311.815 Thread 0x00000281e274e000 DEOPT UNPACKING pc=0x00000281c751a1af sp=0x000000a79c3fd938 mode 2
Event: 1311.837 Thread 0x00000281e274e000 Uncommon trap: trap_request=0xffffff4d fr.pc=0x00000281cf4cc5d0 relative=0x0000000000000130
Event: 1311.837 Thread 0x00000281e274e000 Uncommon trap: reason=unstable_if action=reinterpret pc=0x00000281cf4cc5d0 method=org.objectweb.asm.ByteVector.putByteArray([BII)Lorg/objectweb/asm/ByteVector; @ 20 c2
Event: 1311.837 Thread 0x00000281e274e000 DEOPT PACKING pc=0x00000281cf4cc5d0 sp=0x000000a79c3fdaf0
Event: 1311.837 Thread 0x00000281e274e000 DEOPT UNPACKING pc=0x00000281c751a1af sp=0x000000a79c3fdac0 mode 2
Event: 1311.837 Thread 0x00000281e274e000 Uncommon trap: trap_request=0xffffff4d fr.pc=0x00000281cf366fb0 relative=0x0000000000000bd0
Event: 1311.837 Thread 0x00000281e274e000 Uncommon trap: reason=unstable_if action=reinterpret pc=0x00000281cf366fb0 method=org.objectweb.asm.Label.resolve([BI)Z @ 80 c2
Event: 1311.837 Thread 0x00000281e274e000 DEOPT PACKING pc=0x00000281cf366fb0 sp=0x000000a79c3fdba0
Event: 1311.837 Thread 0x00000281e274e000 DEOPT UNPACKING pc=0x00000281c751a1af sp=0x000000a79c3fdac0 mode 2
Event: 1311.837 Thread 0x00000281e274e000 Uncommon trap: trap_request=0xffffff4d fr.pc=0x00000281cf355524 relative=0x0000000000000204
Event: 1311.837 Thread 0x00000281e274e000 Uncommon trap: reason=unstable_if action=reinterpret pc=0x00000281cf355524 method=org.objectweb.asm.Label.resolve([BI)Z @ 80 c2
Event: 1311.837 Thread 0x00000281e274e000 DEOPT PACKING pc=0x00000281cf355524 sp=0x000000a79c3fdb30
Event: 1311.837 Thread 0x00000281e274e000 DEOPT UNPACKING pc=0x00000281c751a1af sp=0x000000a79c3fdab0 mode 2

Classes redefined (0 events):
No events

Internal exceptions (20 events):
Event: 1297.476 Thread 0x00000281df63d000 Exception <a 'sun/nio/fs/WindowsException'{0x000000008671ce90}> (0x000000008671ce90) thrown at [./src/hotspot/share/prims/jni.cpp, line 617]
Event: 1297.616 Thread 0x00000281df63d000 Exception <a 'sun/nio/fs/WindowsException'{0x0000000086bbf008}> (0x0000000086bbf008) thrown at [./src/hotspot/share/prims/jni.cpp, line 617]
Event: 1297.626 Thread 0x00000281df63d000 Exception <a 'sun/nio/fs/WindowsException'{0x0000000086bf7920}> (0x0000000086bf7920) thrown at [./src/hotspot/share/prims/jni.cpp, line 617]
Event: 1297.635 Thread 0x00000281df63d000 Exception <a 'sun/nio/fs/WindowsException'{0x0000000086a1a540}> (0x0000000086a1a540) thrown at [./src/hotspot/share/prims/jni.cpp, line 617]
Event: 1297.654 Thread 0x00000281df63d000 Exception <a 'sun/nio/fs/WindowsException'{0x000000008695a538}> (0x000000008695a538) thrown at [./src/hotspot/share/prims/jni.cpp, line 617]
Event: 1297.658 Thread 0x00000281df63d000 Exception <a 'sun/nio/fs/WindowsException'{0x0000000086966e80}> (0x0000000086966e80) thrown at [./src/hotspot/share/prims/jni.cpp, line 617]
Event: 1297.665 Thread 0x00000281df63d000 Exception <a 'sun/nio/fs/WindowsException'{0x0000000086984160}> (0x0000000086984160) thrown at [./src/hotspot/share/prims/jni.cpp, line 617]
Event: 1297.671 Thread 0x00000281df63d000 Exception <a 'sun/nio/fs/WindowsException'{0x00000000869a22c0}> (0x00000000869a22c0) thrown at [./src/hotspot/share/prims/jni.cpp, line 617]
Event: 1297.678 Thread 0x00000281df63d000 Exception <a 'sun/nio/fs/WindowsException'{0x00000000869c6468}> (0x00000000869c6468) thrown at [./src/hotspot/share/prims/jni.cpp, line 617]
Event: 1297.682 Thread 0x00000281df63d000 Exception <a 'sun/nio/fs/WindowsException'{0x00000000869d01c8}> (0x00000000869d01c8) thrown at [./src/hotspot/share/prims/jni.cpp, line 617]
Event: 1297.687 Thread 0x00000281df63d000 Exception <a 'sun/nio/fs/WindowsException'{0x00000000869e87b0}> (0x00000000869e87b0) thrown at [./src/hotspot/share/prims/jni.cpp, line 617]
Event: 1297.695 Thread 0x00000281df63d000 Exception <a 'sun/nio/fs/WindowsException'{0x0000000086828f48}> (0x0000000086828f48) thrown at [./src/hotspot/share/prims/jni.cpp, line 617]
Event: 1297.704 Thread 0x00000281df63d000 Exception <a 'sun/nio/fs/WindowsException'{0x000000008684a348}> (0x000000008684a348) thrown at [./src/hotspot/share/prims/jni.cpp, line 617]
Event: 1297.712 Thread 0x00000281df63d000 Exception <a 'sun/nio/fs/WindowsException'{0x00000000868640c0}> (0x00000000868640c0) thrown at [./src/hotspot/share/prims/jni.cpp, line 617]
Event: 1297.720 Thread 0x00000281df63d000 Exception <a 'sun/nio/fs/WindowsException'{0x0000000086886210}> (0x0000000086886210) thrown at [./src/hotspot/share/prims/jni.cpp, line 617]
Event: 1297.721 Thread 0x00000281df63d000 Exception <a 'sun/nio/fs/WindowsException'{0x00000000868865d0}> (0x00000000868865d0) thrown at [./src/hotspot/share/prims/jni.cpp, line 617]
Event: 1297.769 Thread 0x00000281df63d000 Exception <a 'sun/nio/fs/WindowsException'{0x0000000086c0c7f0}> (0x0000000086c0c7f0) thrown at [./src/hotspot/share/prims/jni.cpp, line 617]
Event: 1298.875 Thread 0x00000281df63d000 Exception <a 'java/lang/NoSuchMethodError'{0x000000008cdb6810}: <clinit>> (0x000000008cdb6810) thrown at [./src/hotspot/share/prims/jni.cpp, line 1367]
Event: 1311.762 Thread 0x00000281e274e000 Exception <a 'sun/nio/fs/WindowsException'{0x000000008baf9c30}> (0x000000008baf9c30) thrown at [./src/hotspot/share/prims/jni.cpp, line 617]
Event: 1311.837 Thread 0x00000281e274e000 Implicit null exception at 0x00000281cf4cc4e6 to 0x00000281cf4cc5b0

Events (20 events):
Event: 1299.411 loading class java/util/concurrent/ThreadLocalRandom done
Event: 1299.412 Executing VM operation: Deoptimize
Event: 1299.415 Executing VM operation: Deoptimize done
Event: 1311.729 loading class org/gradle/api/internal/file/archive/impl/FileZipInput
Event: 1311.729 loading class org/gradle/api/internal/file/archive/impl/FileZipInput done
Event: 1311.736 loading class org/gradle/api/internal/file/archive/impl/FileZipInput$1
Event: 1311.736 loading class org/gradle/api/internal/file/archive/impl/FileZipInput$1 done
Event: 1311.738 loading class org/gradle/api/internal/file/archive/ZipEntry
Event: 1311.738 loading class org/gradle/api/internal/file/archive/ZipEntry done
Event: 1311.739 loading class org/gradle/api/internal/file/archive/impl/JdkZipEntry
Event: 1311.739 loading class org/gradle/api/internal/file/archive/impl/JdkZipEntry done
Event: 1311.739 loading class org/gradle/api/internal/file/archive/ZipEntry$InputStreamAction
Event: 1311.739 loading class org/gradle/api/internal/file/archive/ZipEntry$InputStreamAction done
Event: 1311.740 loading class org/gradle/api/internal/file/archive/impl/FileZipInput$1$1
Event: 1311.740 loading class org/gradle/api/internal/file/archive/impl/FileZipInput$1$1 done
Event: 1311.785 loading class org/gradle/internal/classpath/ClasspathWalker$ZipClasspathEntry
Event: 1311.785 loading class org/gradle/internal/classpath/ClasspathWalker$ZipClasspathEntry done
Event: 1311.787 loading class org/gradle/api/internal/file/archive/impl/JdkZipEntry$1
Event: 1311.787 loading class org/gradle/api/internal/file/archive/impl/JdkZipEntry$1 done
Event: 1311.841 Executing VM operation: G1CollectForAllocation


Dynamic libraries:
0x00007ff7656e0000 - 0x00007ff7656ed000 	C:\Program Files\Eclipse Adoptium\jdk-11.0.15.10-hotspot\bin\java.exe
0x00007ff837000000 - 0x00007ff837209000 	C:\WINDOWS\SYSTEM32\ntdll.dll
0x00007ff836000000 - 0x00007ff8360bd000 	C:\WINDOWS\System32\KERNEL32.DLL
0x00007ff8349c0000 - 0x00007ff834d39000 	C:\WINDOWS\System32\KERNELBASE.dll
0x00007ff8348a0000 - 0x00007ff8349b1000 	C:\WINDOWS\System32\ucrtbase.dll
0x00007ff822b30000 - 0x00007ff822b45000 	C:\Program Files\Eclipse Adoptium\jdk-11.0.15.10-hotspot\bin\VCRUNTIME140.dll
0x00007ff8232e0000 - 0x00007ff8232f7000 	C:\Program Files\Eclipse Adoptium\jdk-11.0.15.10-hotspot\bin\jli.dll
0x00007ff836920000 - 0x00007ff836acc000 	C:\WINDOWS\System32\USER32.dll
0x00007ff834e00000 - 0x00007ff834e26000 	C:\WINDOWS\System32\win32u.dll
0x00007ff81da60000 - 0x00007ff81dd05000 	C:\WINDOWS\WinSxS\amd64_microsoft.windows.common-controls_6595b64144ccf1df_6.0.22000.120_none_9d947278b86cc467\COMCTL32.dll
0x00007ff835040000 - 0x00007ff835069000 	C:\WINDOWS\System32\GDI32.dll
0x00007ff836d20000 - 0x00007ff836dc3000 	C:\WINDOWS\System32\msvcrt.dll
0x00007ff834700000 - 0x00007ff834812000 	C:\WINDOWS\System32\gdi32full.dll
0x00007ff8344f0000 - 0x00007ff83458d000 	C:\WINDOWS\System32\msvcp_win.dll
0x00007ff8357d0000 - 0x00007ff835801000 	C:\WINDOWS\System32\IMM32.DLL
0x00007ff821a10000 - 0x00007ff821aab000 	C:\Program Files\Eclipse Adoptium\jdk-11.0.15.10-hotspot\bin\msvcp140.dll
0x00007fffd22c0000 - 0x00007fffd2e41000 	C:\Program Files\Eclipse Adoptium\jdk-11.0.15.10-hotspot\bin\server\jvm.dll
0x00007ff835340000 - 0x00007ff8353ee000 	C:\WINDOWS\System32\ADVAPI32.dll
0x00007ff8352a0000 - 0x00007ff83533e000 	C:\WINDOWS\System32\sechost.dll
0x00007ff834ea0000 - 0x00007ff834fc0000 	C:\WINDOWS\System32\RPCRT4.dll
0x00007ff836ae0000 - 0x00007ff836ae8000 	C:\WINDOWS\System32\PSAPI.DLL
0x00007ff830900000 - 0x00007ff830933000 	C:\WINDOWS\SYSTEM32\WINMM.dll
0x00007ff825f60000 - 0x00007ff825f6a000 	C:\WINDOWS\SYSTEM32\VERSION.dll
0x00007ff830950000 - 0x00007ff830959000 	C:\WINDOWS\SYSTEM32\WSOCK32.dll
0x00007ff835480000 - 0x00007ff8354ef000 	C:\WINDOWS\System32\WS2_32.dll
0x00007ff8336a0000 - 0x00007ff8336b8000 	C:\WINDOWS\SYSTEM32\kernel.appcore.dll
0x00007ff8303f0000 - 0x00007ff830400000 	C:\Program Files\Eclipse Adoptium\jdk-11.0.15.10-hotspot\bin\verify.dll
0x00007ff8317d0000 - 0x00007ff8319f1000 	C:\WINDOWS\SYSTEM32\DBGHELP.DLL
0x00007ff821d60000 - 0x00007ff821d91000 	C:\WINDOWS\SYSTEM32\dbgcore.DLL
0x00007ff834820000 - 0x00007ff83489f000 	C:\WINDOWS\System32\bcryptPrimitives.dll
0x00007ff821d30000 - 0x00007ff821d58000 	C:\Program Files\Eclipse Adoptium\jdk-11.0.15.10-hotspot\bin\java.dll
0x00007ff830330000 - 0x00007ff83033a000 	C:\Program Files\Eclipse Adoptium\jdk-11.0.15.10-hotspot\bin\jimage.dll
0x00007ff821820000 - 0x00007ff821838000 	C:\Program Files\Eclipse Adoptium\jdk-11.0.15.10-hotspot\bin\zip.dll
0x00007ff8360c0000 - 0x00007ff83686f000 	C:\WINDOWS\System32\SHELL32.dll
0x00007ff8325e0000 - 0x00007ff832e48000 	C:\WINDOWS\SYSTEM32\windows.storage.dll
0x00007ff835810000 - 0x00007ff835b88000 	C:\WINDOWS\System32\combase.dll
0x00007ff832470000 - 0x00007ff8325d6000 	C:\WINDOWS\SYSTEM32\wintypes.dll
0x00007ff836dd0000 - 0x00007ff836eba000 	C:\WINDOWS\System32\SHCORE.dll
0x00007ff836bd0000 - 0x00007ff836c2d000 	C:\WINDOWS\System32\shlwapi.dll
0x00007ff834420000 - 0x00007ff834441000 	C:\WINDOWS\SYSTEM32\profapi.dll
0x00007ff81ff80000 - 0x00007ff81ff99000 	C:\Program Files\Eclipse Adoptium\jdk-11.0.15.10-hotspot\bin\net.dll
0x00007ff82e240000 - 0x00007ff82e34c000 	C:\WINDOWS\SYSTEM32\WINHTTP.dll
0x00007ff833ad0000 - 0x00007ff833b37000 	C:\WINDOWS\system32\mswsock.dll
0x00007ff81ff60000 - 0x00007ff81ff73000 	C:\Program Files\Eclipse Adoptium\jdk-11.0.15.10-hotspot\bin\nio.dll
0x00007ff81d810000 - 0x00007ff81d837000 	C:\Users\user\.gradle\native\e1d6ef7f7dcc3fd88c89a11ec53ec762bb8ba0a96d01ffa2cd45eb1d1d8dd5c5\windows-amd64\native-platform.dll
0x00007ff80c370000 - 0x00007ff80c4b4000 	C:\Users\user\.gradle\native\5664cfc778a61ccfe75a443a1ab52a65af34e5dc3c78e0209fed803814484fcb\windows-amd64\native-platform-file-events.dll
0x00007ff8232d0000 - 0x00007ff8232d9000 	C:\Program Files\Eclipse Adoptium\jdk-11.0.15.10-hotspot\bin\management.dll
0x00007ff822b20000 - 0x00007ff822b2b000 	C:\Program Files\Eclipse Adoptium\jdk-11.0.15.10-hotspot\bin\management_ext.dll
0x00007ff833d30000 - 0x00007ff833d48000 	C:\WINDOWS\SYSTEM32\CRYPTSP.dll
0x00007ff833600000 - 0x00007ff833635000 	C:\WINDOWS\system32\rsaenh.dll
0x00007ff833ba0000 - 0x00007ff833bc9000 	C:\WINDOWS\SYSTEM32\USERENV.dll
0x00007ff833ed0000 - 0x00007ff833ef7000 	C:\WINDOWS\SYSTEM32\bcrypt.dll
0x00007ff833d50000 - 0x00007ff833d5c000 	C:\WINDOWS\SYSTEM32\CRYPTBASE.dll
0x00007ff833150000 - 0x00007ff83317d000 	C:\WINDOWS\SYSTEM32\IPHLPAPI.DLL
0x00007ff836ec0000 - 0x00007ff836ec9000 	C:\WINDOWS\System32\NSI.dll
0x00007ff82e0e0000 - 0x00007ff82e0f9000 	C:\WINDOWS\SYSTEM32\dhcpcsvc6.DLL
0x00007ff82eb60000 - 0x00007ff82eb7e000 	C:\WINDOWS\SYSTEM32\dhcpcsvc.DLL
0x00007ff833180000 - 0x00007ff833268000 	C:\WINDOWS\SYSTEM32\DNSAPI.dll
0x00007ff821b40000 - 0x00007ff821b5e000 	C:\Users\user\AppData\Local\Temp\native-platform4911082712756372755dir\native-platform.dll
0x00007ff821b30000 - 0x00007ff821b37000 	C:\Program Files\Eclipse Adoptium\jdk-11.0.15.10-hotspot\bin\rmi.dll

dbghelp: loaded successfully - version: 4.0.5 - missing functions: none
symbol engine: initialized successfully - sym options: 0x614 - pdb path: .;C:\Program Files\Eclipse Adoptium\jdk-11.0.15.10-hotspot\bin;C:\WINDOWS\SYSTEM32;C:\WINDOWS\WinSxS\amd64_microsoft.windows.common-controls_6595b64144ccf1df_6.0.22000.120_none_9d947278b86cc467;C:\Program Files\Eclipse Adoptium\jdk-11.0.15.10-hotspot\bin\server;C:\Users\user\.gradle\native\e1d6ef7f7dcc3fd88c89a11ec53ec762bb8ba0a96d01ffa2cd45eb1d1d8dd5c5\windows-amd64;C:\Users\user\.gradle\native\5664cfc778a61ccfe75a443a1ab52a65af34e5dc3c78e0209fed803814484fcb\windows-amd64;C:\Users\user\AppData\Local\Temp\native-platform4911082712756372755dir

VM Arguments:
jvm_args: -XX:MaxMetaspaceSize=512m --add-opens=java.base/java.util=ALL-UNNAMED --add-opens=java.base/java.lang=ALL-UNNAMED --add-opens=java.base/java.lang.invoke=ALL-UNNAMED --add-opens=java.base/java.util=ALL-UNNAMED --add-opens=java.prefs/java.util.prefs=ALL-UNNAMED --add-opens=java.prefs/java.util.prefs=ALL-UNNAMED --add-opens=java.base/java.nio.charset=ALL-UNNAMED --add-opens=java.base/java.net=ALL-UNNAMED --add-opens=java.base/java.util.concurrent.atomic=ALL-UNNAMED -Xmx2048m -Dfile.encoding=windows-1252 -Duser.country=ID -Duser.language=en -Duser.variant 
java_command: org.gradle.launcher.daemon.bootstrap.GradleDaemon 7.3.3
java_class_path (initial): C:\Users\user\.gradle\wrapper\dists\gradle-7.3.3-all\4295vidhdd9hd3gbjyw1xqxpo\gradle-7.3.3\lib\gradle-launcher-7.3.3.jar
Launcher Type: SUN_STANDARD

[Global flags]
     intx CICompilerCount                          = 4                                         {product} {ergonomic}
   size_t CompressedClassSpaceSize                 = 528482304                                 {product} {ergonomic}
     uint ConcGCThreads                            = 2                                         {product} {ergonomic}
     uint G1ConcRefinementThreads                  = 8                                         {product} {ergonomic}
   size_t G1HeapRegionSize                         = 1048576                                   {product} {ergonomic}
    uintx GCDrainStackTargetSize                   = 64                                        {product} {ergonomic}
   size_t InitialHeapSize                          = 65011712                                  {product} {ergonomic}
   size_t MarkStackSize                            = 4194304                                   {product} {ergonomic}
   size_t MaxHeapSize                              = 2147483648                                {product} {command line}
   size_t MaxMetaspaceSize                         = 536870912                                 {product} {command line}
   size_t MaxNewSize                               = 1287651328                                {product} {ergonomic}
   size_t MinHeapDeltaBytes                        = 1048576                                   {product} {ergonomic}
    uintx NonNMethodCodeHeapSize                   = 5836300                                {pd product} {ergonomic}
    uintx NonProfiledCodeHeapSize                  = 122910970                              {pd product} {ergonomic}
    uintx ProfiledCodeHeapSize                     = 122910970                              {pd product} {ergonomic}
    uintx ReservedCodeCacheSize                    = 251658240                              {pd product} {ergonomic}
     bool SegmentedCodeCache                       = true                                      {product} {ergonomic}
     bool UseCompressedClassPointers               = true                                 {lp64_product} {ergonomic}
     bool UseCompressedOops                        = true                                 {lp64_product} {ergonomic}
     bool UseG1GC                                  = true                                      {product} {ergonomic}
     bool UseLargePagesIndividualAllocation        = false                                  {pd product} {ergonomic}

Logging:
Log output configuration:
 #0: stdout all=warning uptime,level,tags
 #1: stderr all=off uptime,level,tags

Environment Variables:
JAVA_HOME=C:\Program Files\Eclipse Adoptium\jdk-11.0.15.10-hotspot\
CLASSPATH=E:\uti\PemrogramanPerangkatBergerak\android\\gradle\wrapper\gradle-wrapper.jar
PATH=E:\uti\PemrogramanPerangkatBergerak\android\node_modules\.bin;E:\uti\PemrogramanPerangkatBergerak\node_modules\.bin;E:\uti\node_modules\.bin;E:\node_modules\.bin;C:\Program Files\nodejs;E:\uti\PemrogramanPerangkatBergerak\node_modules\.bin;E:\uti\node_modules\.bin;E:\node_modules\.bin;C:\Program Files\nodejs\node_modules\npm\node_modules\@npmcli\run-script\lib\node-gyp-bin;C:\Program Files\Eclipse Adoptium\jdk-11.0.15.10-hotspot\bin;C:\Python27\;C:\Python27\Scripts;C:\Program Files (x86)\Common Files\Intel\Shared Libraries\redist\intel64\compiler;C:\Python310\Scripts\;C:\Python310\;C:\Program Files (x86)\Common Files\Oracle\Java\javapath;C:\Program Files (x86)\Common Files\Intel\Shared Files\cpp\bin\Intel64;C:\Windows\system32;C:\Windows;C:\Windows\System32\Wbem;C:\Windows\System32\WindowsPowerShell\v1.0\;C:\Windows\System32\OpenSSH\;C:\Program Files (x86)\NVIDIA Corporation\PhysX\Common;C:\Program Files\Intel\WiFi\bin\;C:\Program Files\Common Files\Intel\WirelessCommon\;C:\WINDOWS\system32;C:\WINDOWS;C:\WINDOWS\System32\Wbem;C:\WINDOWS\System32\WindowsPowerShell\v1.0\;C:\WINDOWS\System32\OpenSSH\;C:\ProgramData\chocolatey\bin;C:\Program Files\OpenJDK\openjdk-11.0.14.1_1\bin;C:\Users\user\AppData\Local\Android\Sdk;C:\Users\user\AppData\Local\Android\Sdk\platform-tools;C:\Program Files\nodejs\;C:\Program Files\Java\jdk1.8.0_211\bin;C:\Program Files (x86)\Yarn\bin\;C:\xampp\php;C:\composer;C:\Program Files\Git\cmd;C:\Users\user\AppData\Local\Microsoft\WindowsApps;E:\Program Files\IntelliJ IDEA Community Edition 2020.1\bin;C:\Users\user\AppData\Local\Programs\Python\Python38\Scripts;C:\Users\user\AppData\Local\Microsoft\WindowsApps;C:\Users\user\AppData\Local\Programs\Microsoft VS Code\bin;C:\Users\user\AppData\Roaming\npm;C:\Users\user\AppData\Local\Yarn\bin;C:\Users\user\AppData\Roaming\Composer\vendor\bin;E:\uti\PemrogramanPerangkatBergerak\node_modules\.bin
USERNAME=user
LANG=en_GB.UTF-8
OS=Windows_NT
PROCESSOR_IDENTIFIER=Intel64 Family 6 Model 142 Stepping 11, GenuineIntel



---------------  S Y S T E M  ---------------

OS: Windows 11 , 64 bit Build 22000 (10.0.22000.675)
OS uptime: 11 days 1:25 hours
Hyper-V role detected

CPU:total 8 (initial active 8) (4 cores per cpu, 2 threads per core) family 6 model 142 stepping 11 microcode 0xde, cmov, cx8, fxsr, mmx, sse, sse2, sse3, ssse3, sse4.1, sse4.2, popcnt, avx, avx2, aes, clmul, erms, 3dnowpref, lzcnt, ht, tsc, tscinvbit, bmi1, bmi2, adx, fma

Memory: 4k page, system-wide physical 3947M (254M free)
TotalPageFile size 16235M (AvailPageFile size 190M)
current process WorkingSet (physical memory assigned to process): 253M, peak: 348M
current process commit charge ("private bytes"): 506M, peak: 902M

vm_info: OpenJDK 64-Bit Server VM (11.0.15+10) for windows-amd64 JRE (11.0.15+10), built on Apr 19 2022 22:29:44 by "" with unknown MS VC++:1916

END.
